#
# A fatal error has been detected by the Java Runtime Environment:
#
#  SIGSEGV (0xb) at pc=0x00007f108ed70401, pid=457, tid=508
#
# JRE version: OpenJDK Runtime Environment (11.0.7+10) (build 11.0.7+10-post-Ubuntu-2ubuntu218.04)
# Java VM: OpenJDK 64-Bit Server VM (11.0.7+10-post-Ubuntu-2ubuntu218.04, mixed mode, sharing, tiered, compressed oops, serial gc, linux-amd64)
# Problematic frame:
# C  [libjimage.so+0x2401]
#
# Core dump will be written. Default location: Core dumps may be processed with "/usr/share/apport/apport %p %s %c %d %P %E" (or dumping to /home/runner/Java-Final/core.457)
#
# If you would like to submit a bug report, please visit:
#   https://bugs.launchpad.net/ubuntu/+source/openjdk-lts
#

---------------  S U M M A R Y ------------

Command Line: Main

Host: Intel(R) Xeon(R) CPU @ 2.30GHz, 4 cores, 512M, Ubuntu 18.04.4 LTS
Time: Tue May  5 15:47:30 2020 UTC elapsed time: 64 seconds (0d 0h 1m 4s)

---------------  T H R E A D  ---------------

Current thread (0x00007f1038001800):  JavaThread "XToolkt-Shutdown-Thread" [_thread_in_vm, id=508, stack(0x00007f108ec6d000,0x00007f108ed6e000)]

Stack: [0x00007f108ec6d000,0x00007f108ed6e000],  sp=0x00007f108ed6b060,  free space=1016k
Native frames: (J=compiled Java code, A=aot compiled Java code, j=interpreted, Vv=VM code, C=native code)
C  [libjimage.so+0x2401]
C  [libjimage.so+0x30ea]
C  [libjimage.so+0x35c6]  JIMAGE_FindResource+0xd6
V  [libjvm.so+0x59105e]
V  [libjvm.so+0x593dc0]
V  [libjvm.so+0xd503b5]
V  [libjvm.so+0xd4dd4a]
V  [libjvm.so+0xd50942]
V  [libjvm.so+0x646dd7]
V  [libjvm.so+0xa3bb7a]
V  [libjvm.so+0x843946]
V  [libjvm.so+0x84483d]
j  sun.awt.X11.XToolkit.lambda$init$0()V+0 java.desktop@11.0.7
j  sun.awt.X11.XToolkit$$Lambda$56.run()V+4 java.desktop@11.0.7
j  java.lang.Thread.run()V+11 java.base@11.0.7
v  ~StubRoutines::call_stub
V  [libjvm.so+0x84e319]
V  [libjvm.so+0x84c45d]
V  [libjvm.so+0x8f62ec]
V  [libjvm.so+0xd8918f]
V  [libjvm.so+0xd85acf]
V  [libjvm.so+0xbd59de]

Java frames: (J=compiled Java code, j=interpreted, Vv=VM code)
j  sun.awt.X11.XToolkit.lambda$init$0()V+0 java.desktop@11.0.7
j  sun.awt.X11.XToolkit$$Lambda$56.run()V+4 java.desktop@11.0.7
j  java.lang.Thread.run()V+11 java.base@11.0.7
v  ~StubRoutines::call_stub

siginfo: si_signo: 11 (SIGSEGV), si_code: 1 (SEGV_MAPERR), si_addr: 0x00007f108668dcf8

Register to memory mapping:

RAX=0x0000000000004b37 is an unknown value
RBX=0x00007f108ed6b111 is pointing into the stack for thread: 0x00007f1038001800
RCX=0x00007f108667b01c is an unknown value
RDX=0x0000000000004b37 is an unknown value
RSP=0x00007f108ed6b060 is pointing into the stack for thread: 0x00007f1038001800
RBP=0x00007f108ed6b080 is pointing into the stack for thread: 0x00007f1038001800
RSI=0x00007f108ed6b110 is pointing into the stack for thread: 0x00007f1038001800
RDI=0x00007f108ef73130: <offset 0x0000000000205130> in /usr/lib/jvm/java-11-openjdk-amd64/lib/libjimage.so at 0x00007f108ed6e000
R8 =0x0 is NULL
R9 =0x00000000ca0d71f0 is an unknown value
R10=0x00007f108ed6b134 is pointing into the stack for thread: 0x00007f1038001800
R11=0x00007f10958b83fd: <offset 0x0000000000eb23fd> in /usr/lib/jvm/java-11-openjdk-amd64/lib/server/libjvm.so at 0x00007f1094a06000
R12=0x00007f108ed6b110 is pointing into the stack for thread: 0x00007f1038001800
R13=0x00000000000083ac is an unknown value
R14=0x00007f108ed6c1a8 is pointing into the stack for thread: 0x00007f1038001800
R15=0x00007f10584a73e0 points into unknown readable memory: 73 75 6e 2f 61 77 74 2f


Registers:
RAX=0x0000000000004b37, RBX=0x00007f108ed6b111, RCX=0x00007f108667b01c, RDX=0x0000000000004b37
RSP=0x00007f108ed6b060, RBP=0x00007f108ed6b080, RSI=0x00007f108ed6b110, RDI=0x00007f108ef73130
R8 =0x0000000000000000, R9 =0x00000000ca0d71f0, R10=0x00007f108ed6b134, R11=0x00007f10958b83fd
R12=0x00007f108ed6b110, R13=0x00000000000083ac, R14=0x00007f108ed6c1a8, R15=0x00007f10584a73e0
RIP=0x00007f108ed70401, EFLAGS=0x0000000000010246, CSGSFS=0x002b000000000033, ERR=0x0000000000000004
  TRAPNO=0x000000000000000e

Top of Stack: (sp=0x00007f108ed6b060)
0x00007f108ed6b060:   0000000000000000 00007f10900226f0
0x00007f108ed6b070:   0000000000000000 00007f108ed6b110
0x00007f108ed6b080:   00007f108ed6b0f0 00007f108ed710ea
0x00007f108ed6b090:   0000000000000000 0000000000000000 

Instructions: (pc=0x00007f108ed70401)
0x00007f108ed70301:   c5 4c 01 e3 48 89 ce e8 d3 f3 ff ff e9 69 fd ff
0x00007f108ed70311:   ff 89 d1 0f b7 74 08 fe 66 41 89 74 0e fe e9 7a
0x00007f108ed70321:   fe ff ff 0f 1f 40 00 8b 08 49 8d 1c 16 41 89 0e
0x00007f108ed70331:   89 d1 8b 74 08 fc 41 89 74 0e fc 48 8d 34 10 48
0x00007f108ed70341:   89 75 b8 e9 0b fe ff ff 0f 1f 80 00 00 00 00 0f
0x00007f108ed70351:   b6 17 55 89 f0 48 89 e5 84 d2 74 22 48 8d 4f 01
0x00007f108ed70361:   0f 1f 80 00 00 00 00 48 83 c1 01 0f b6 f2 0f b6
0x00007f108ed70371:   51 ff 69 c0 93 01 00 01 31 f0 84 d2 75 e9 25 ff
0x00007f108ed70381:   ff ff 7f 5d c3 66 2e 0f 1f 84 00 00 00 00 00 48
0x00007f108ed70391:   85 d2 0f 84 dd 00 00 00 85 c9 0f 84 d5 00 00 00
0x00007f108ed703a1:   55 48 89 e5 41 55 41 54 53 48 8d 5e 01 48 83 ec
0x00007f108ed703b1:   08 44 0f b6 06 45 84 c0 0f 84 a9 00 00 00 49 89
0x00007f108ed703c1:   da b8 93 01 00 01 66 0f 1f 84 00 00 00 00 00 49
0x00007f108ed703d1:   83 c2 01 44 69 c8 93 01 00 01 41 0f b6 c0 45 0f
0x00007f108ed703e1:   b6 42 ff 44 31 c8 45 84 c0 75 e4 25 ff ff ff 7f
0x00007f108ed703f1:   41 89 cd 48 89 d1 31 d2 41 f7 f5 49 89 f4 89 d0
0x00007f108ed70401:   8b 34 81 48 8b 07 ff 50 20 83 f8 00 7e 41 41 0f
0x00007f108ed70411:   b6 14 24 84 d2 74 1c 0f 1f 84 00 00 00 00 00 69
0x00007f108ed70421:   c0 93 01 00 01 48 83 c3 01 31 d0 0f b6 53 ff 84
0x00007f108ed70431:   d2 75 ec 25 ff ff ff 7f 31 d2 41 f7 f5 48 83 c4
0x00007f108ed70441:   08 89 d0 5b 41 5c 41 5d 5d c3 0f 1f 44 00 00 74
0x00007f108ed70451:   1d f7 d0 48 83 c4 08 89 c2 5b 89 d0 41 5c 41 5d
0x00007f108ed70461:   5d c3 0f 1f 44 00 00 b8 93 01 00 01 eb 82 ba ff
0x00007f108ed70471:   ff ff ff eb c8 83 ca ff 89 d0 c3 0f 1f 40 00 0f
0x00007f108ed70481:   b6 17 55 48 89 f8 48 89 e5 84 d2 75 15 eb 1a 38
0x00007f108ed70491:   ca 75 1c 48 83 c0 01 0f b6 10 48 83 c6 01 84 d2
0x00007f108ed704a1:   74 07 0f b6 0e 84 c9 75 e6 5d c3 0f 1f 40 00 31
0x00007f108ed704b1:   c0 5d c3 66 90 66 2e 0f 1f 84 00 00 00 00 00 55
0x00007f108ed704c1:   48 85 f6 48 89 e5 74 57 0f 1f 80 00 00 00 00 0f
0x00007f108ed704d1:   b6 06 84 c0 74 49 0f b6 d0 83 e0 07 c1 fa 03 44
0x00007f108ed704e1:   8d 50 01 0f b6 c0 41 89 d1 48 8d 56 01 4c 8d 44
0x00007f108ed704f1:   06 02 31 c0 0f 1f 00 0f b6 0a 48 c1 e0 08 48 83 


Stack slot to memory mapping:
stack at sp + 0 slots: 0x0 is NULL
stack at sp + 1 slots: 0x00007f10900226f0 points into unknown readable memory: f0 06 1d 90 10 7f 00 00
stack at sp + 2 slots: 0x0 is NULL
stack at sp + 3 slots: 0x00007f108ed6b110 is pointing into the stack for thread: 0x00007f1038001800
stack at sp + 4 slots: 0x00007f108ed6b0f0 is pointing into the stack for thread: 0x00007f1038001800
stack at sp + 5 slots: 0x00007f108ed710ea: <offset 0x00000000000030ea> in /usr/lib/jvm/java-11-openjdk-amd64/lib/libjimage.so at 0x00007f108ed6e000
stack at sp + 6 slots: 0x0 is NULL
stack at sp + 7 slots: 0x0 is NULL


---------------  P R O C E S S  ---------------

Threads class SMR info:
_java_thread_list=0x00007f103800f010, length=16, elements={
0x00007f1090015800, 0x00007f1090050800, 0x00007f1090052800, 0x00007f1090059000,
0x00007f109005b000, 0x00007f109005d000, 0x00007f109005f000, 0x00007f10900aa000,
0x00007f10900b3000, 0x00007f1090200000, 0x00007f1090206000, 0x00007f1090490000,
0x00007f1090491800, 0x00007f10300aa000, 0x00007f1060001000, 0x00007f1038001800
}

Java Threads: ( => current thread )
  0x00007f1090015800 JavaThread "main" [_thread_blocked, id=458, stack(0x00007f1096b75000,0x00007f1096c76000)]
  0x00007f1090050800 JavaThread "Reference Handler" daemon [_thread_blocked, id=460, stack(0x00007f1076a21000,0x00007f1076b22000)]
  0x00007f1090052800 JavaThread "Finalizer" daemon [_thread_blocked, id=461, stack(0x00007f1076920000,0x00007f1076a21000)]
  0x00007f1090059000 JavaThread "Signal Dispatcher" daemon [_thread_blocked, id=462, stack(0x00007f1076684000,0x00007f1076785000)]
  0x00007f109005b000 JavaThread "C2 CompilerThread0" daemon [_thread_blocked, id=463, stack(0x00007f1076583000,0x00007f1076684000)]
  0x00007f109005d000 JavaThread "C1 CompilerThread0" daemon [_thread_blocked, id=464, stack(0x00007f1076482000,0x00007f1076583000)]
  0x00007f109005f000 JavaThread "Sweeper thread" daemon [_thread_blocked, id=465, stack(0x00007f1076381000,0x00007f1076482000)]
  0x00007f10900aa000 JavaThread "Service Thread" daemon [_thread_blocked, id=466, stack(0x00007f1076280000,0x00007f1076381000)]
  0x00007f10900b3000 JavaThread "Common-Cleaner" daemon [_thread_blocked, id=468, stack(0x00007f107607d000,0x00007f107617e000)]
  0x00007f1090200000 JavaThread "Java2D Disposer" daemon [_thread_blocked, id=499, stack(0x00007f104c77c000,0x00007f104c87d000)]
  0x00007f1090206000 JavaThread "AWT-XAWT" daemon [_thread_in_native, id=500, stack(0x00007f104c67b000,0x00007f104c77c000)]
  0x00007f1090490000 JavaThread "AWT-Shutdown" [_thread_blocked, id=502, stack(0x00007f104c479000,0x00007f104c57a000)]
  0x00007f1090491800 JavaThread "AWT-EventQueue-0" [_thread_blocked, id=503, stack(0x00007f104c378000,0x00007f104c479000)]
  0x00007f10300aa000 JavaThread "TimerQueue" daemon [_thread_blocked, id=504, stack(0x00007f104c077000,0x00007f104c178000)]
  0x00007f1060001000 JavaThread "SIGTERM handler" daemon [_thread_blocked, id=507, stack(0x00007f104c57a000,0x00007f104c67b000)]
=>0x00007f1038001800 JavaThread "XToolkt-Shutdown-Thread" [_thread_in_vm, id=508, stack(0x00007f108ec6d000,0x00007f108ed6e000)]

Other Threads:
  0x00007f109004d800 VMThread "VM Thread" [stack: 0x00007f1076b24000,0x00007f1076c24000] [id=459]
  0x00007f10900ac000 WatcherThread [stack: 0x00007f1076180000,0x00007f1076280000] [id=467]

Threads with active compile tasks:

VM state:not at safepoint (normal execution)

VM Mutex/Monitor currently owned by a thread: None

Heap address: 0x00000000f8000000, size: 128 MB, Compressed Oops mode: 32-bit
Narrow klass base: 0x0000000800000000, Narrow klass shift: 3
Compressed class space size: 1073741824 Address: 0x0000000840000000

Heap:
 def new generation   total 2432K, used 1044K [0x00000000f8000000, 0x00000000f82a0000, 0x00000000faaa0000)
  eden space 2176K,  42% used [0x00000000f8000000, 0x00000000f80e52f8, 0x00000000f8220000)
  from space 256K,  49% used [0x00000000f8220000, 0x00000000f823fdd8, 0x00000000f8260000)
  to   space 256K,   0% used [0x00000000f8260000, 0x00000000f8260000, 0x00000000f82a0000)
 tenured generation   total 5504K, used 3388K [0x00000000faaa0000, 0x00000000fb000000, 0x0000000100000000)
   the space 5504K,  61% used [0x00000000faaa0000, 0x00000000fadef2b0, 0x00000000fadef400, 0x00000000fb000000)
 Metaspace       used 12744K, capacity 13287K, committed 13440K, reserved 1060864K
  class space    used 1393K, capacity 1653K, committed 1664K, reserved 1048576K

Card table byte_map: [0x00007f1096b34000,0x00007f1096b75000] _byte_map_base: 0x00007f1096374000

Polling page: 0x00007f1096c8f000

Metaspace:

Usage:
  Non-class:     11.36 MB capacity,    11.09 MB ( 98%) used,   223.49 KB (  2%) free+waste,    59.44 KB ( <1%) overhead. 
      Class:      1.61 MB capacity,     1.36 MB ( 84%) used,   226.78 KB ( 14%) free+waste,    32.44 KB (  2%) overhead. 
       Both:     12.98 MB capacity,    12.45 MB ( 96%) used,   450.27 KB (  3%) free+waste,    91.88 KB ( <1%) overhead. 

Virtual space:
  Non-class space:       12.00 MB reserved,      11.50 MB ( 96%) committed 
      Class space:        1.00 GB reserved,       1.62 MB ( <1%) committed 
             Both:        1.01 GB reserved,      13.12 MB (  1%) committed 

Chunk freelists:
   Non-Class:  14.00 KB
       Class:  11.00 KB
        Both:  25.00 KB

MaxMetaspaceSize: unlimited
CompressedClassSpaceSize: 1.00 GB

CodeHeap 'non-profiled nmethods': size=120036Kb used=643Kb max_used=643Kb free=119392Kb
 bounds [0x00007f107f142000, 0x00007f107f3b2000, 0x00007f108667b000]
CodeHeap 'profiled nmethods': size=120032Kb used=4159Kb max_used=4159Kb free=115872Kb
 bounds [0x00007f1077c0a000, 0x00007f107802a000, 0x00007f107f142000]
CodeHeap 'non-nmethods': size=5692Kb used=1284Kb max_used=1300Kb free=4407Kb
 bounds [0x00007f107767b000, 0x00007f10778eb000, 0x00007f1077c0a000]
 total_blobs=3138 nmethods=1982 adapters=608
 compilation: enabled
              stopped_count=0, restarted_count=0
 full_count=0

Compilation events (20 events):
Event: 59.961 Thread 0x00007f109005d000 2106   !   3       javax.swing.JComponent::recycleRectangle (27 bytes)
Event: 59.961 Thread 0x00007f109005d000 nmethod 2106 0x00007f1078016e90 code [0x00007f1078017060, 0x00007f1078017468]
Event: 60.461 Thread 0x00007f109005d000 2107  s    3       javax.swing.RepaintManager$ProcessingRunnable::markPending (16 bytes)
Event: 60.461 Thread 0x00007f109005d000 nmethod 2107 0x00007f1078017590 code [0x00007f1078017740, 0x00007f1078017af0]
Event: 60.961 Thread 0x00007f109005d000 2108       3       sun.awt.X11.XDecoratedPeer::getInsets (51 bytes)
Event: 60.962 Thread 0x00007f109005d000 nmethod 2108 0x00007f1078017b90 code [0x00007f1078017e20, 0x00007f1078018a38]
Event: 62.962 Thread 0x00007f109005d000 2109       3       java.awt.Component$BltBufferStrategy::contentsLost (25 bytes)
Event: 62.963 Thread 0x00007f109005d000 nmethod 2109 0x00007f1078018e10 code [0x00007f1078018fe0, 0x00007f10780192a8]
Event: 63.462 Thread 0x00007f109005d000 2110       3       sun.awt.X11.XDecoratedPeer::getGraphics (46 bytes)
Event: 63.463 Thread 0x00007f109005d000 nmethod 2110 0x00007f1078019390 code [0x00007f10780195c0, 0x00007f1078019d28]
Event: 63.463 Thread 0x00007f109005d000 2111       3       java.awt.Component$1::getForeground (5 bytes)
Event: 63.463 Thread 0x00007f109005d000 nmethod 2111 0x00007f107801a010 code [0x00007f107801a1c0, 0x00007f107801a330]
Event: 63.463 Thread 0x00007f109005d000 2112       3       java.awt.Component$1::getBackground (5 bytes)
Event: 63.463 Thread 0x00007f109005d000 nmethod 2112 0x00007f107801a410 code [0x00007f107801a5c0, 0x00007f107801a730]
Event: 63.463 Thread 0x00007f109005d000 2113       3       java.awt.Component$1::getFont (5 bytes)
Event: 63.464 Thread 0x00007f109005d000 nmethod 2113 0x00007f107801a810 code [0x00007f107801aa00, 0x00007f107801adc8]
Event: 63.464 Thread 0x00007f109005d000 2114       3       sun.awt.X11.XWindow::getGraphics (67 bytes)
Event: 63.464 Thread 0x00007f109005d000 nmethod 2114 0x00007f107801af10 code [0x00007f107801b100, 0x00007f107801b818]
Event: 63.464 Thread 0x00007f109005d000 2115  s    3       javax.swing.RepaintManager::isPaintingThread (16 bytes)
Event: 63.465 Thread 0x00007f109005d000 nmethod 2115 0x00007f107801ba10 code [0x00007f107801bbc0, 0x00007f107801bf50]

GC Heap History (16 events):
Event: 0.728 GC heap before
{Heap before GC invocations=0 (full 0):
 def new generation   total 2432K, used 2176K [0x00000000f8000000, 0x00000000f82a0000, 0x00000000faaa0000)
  eden space 2176K, 100% used [0x00000000f8000000, 0x00000000f8220000, 0x00000000f8220000)
  from space 256K,   0% used [0x00000000f8220000, 0x00000000f8220000, 0x00000000f8260000)
  to   space 256K,   0% used [0x00000000f8260000, 0x00000000f8260000, 0x00000000f82a0000)
 tenured generation   total 5504K, used 0K [0x00000000faaa0000, 0x00000000fb000000, 0x0000000100000000)
   the space 5504K,   0% used [0x00000000faaa0000, 0x00000000faaa0000, 0x00000000faaa0200, 0x00000000fb000000)
 Metaspace       used 1319K, capacity 4653K, committed 4864K, reserved 1056768K
  class space    used 113K, capacity 443K, committed 512K, reserved 1048576K
}
Event: 0.733 GC heap after
{Heap after GC invocations=1 (full 0):
 def new generation   total 2432K, used 256K [0x00000000f8000000, 0x00000000f82a0000, 0x00000000faaa0000)
  eden space 2176K,   0% used [0x00000000f8000000, 0x00000000f8000000, 0x00000000f8220000)
  from space 256K, 100% used [0x00000000f8260000, 0x00000000f82a0000, 0x00000000f82a0000)
  to   space 256K,   0% used [0x00000000f8220000, 0x00000000f8220000, 0x00000000f8260000)
 tenured generation   total 5504K, used 798K [0x00000000faaa0000, 0x00000000fb000000, 0x0000000100000000)
   the space 5504K,  14% used [0x00000000faaa0000, 0x00000000fab67a30, 0x00000000fab67c00, 0x00000000fb000000)
 Metaspace       used 1319K, capacity 4653K, committed 4864K, reserved 1056768K
  class space    used 113K, capacity 443K, committed 512K, reserved 1048576K
}
Event: 7.046 GC heap before
{Heap before GC invocations=1 (full 0):
 def new generation   total 2432K, used 2432K [0x00000000f8000000, 0x00000000f82a0000, 0x00000000faaa0000)
  eden space 2176K, 100% used [0x00000000f8000000, 0x00000000f8220000, 0x00000000f8220000)
  from space 256K, 100% used [0x00000000f8260000, 0x00000000f82a0000, 0x00000000f82a0000)
  to   space 256K,   0% used [0x00000000f8220000, 0x00000000f8220000, 0x00000000f8260000)
 tenured generation   total 5504K, used 798K [0x00000000faaa0000, 0x00000000fb000000, 0x0000000100000000)
   the space 5504K,  14% used [0x00000000faaa0000, 0x00000000fab67a30, 0x00000000fab67c00, 0x00000000fb000000)
 Metaspace       used 3594K, capacity 4944K, committed 5248K, reserved 1056768K
  class space    used 349K, capacity 555K, committed 640K, reserved 1048576K
}
Event: 7.052 GC heap after
{Heap after GC invocations=2 (full 0):
 def new generation   total 2432K, used 256K [0x00000000f8000000, 0x00000000f82a0000, 0x00000000faaa0000)
  eden space 2176K,   0% used [0x00000000f8000000, 0x00000000f8000000, 0x00000000f8220000)
  from space 256K, 100% used [0x00000000f8220000, 0x00000000f8260000, 0x00000000f8260000)
  to   space 256K,   0% used [0x00000000f8260000, 0x00000000f8260000, 0x00000000f82a0000)
 tenured generation   total 5504K, used 1152K [0x00000000faaa0000, 0x00000000fb000000, 0x0000000100000000)
   the space 5504K,  20% used [0x00000000faaa0000, 0x00000000fabc0250, 0x00000000fabc0400, 0x00000000fb000000)
 Metaspace       used 3594K, capacity 4944K, committed 5248K, reserved 1056768K
  class space    used 349K, capacity 555K, committed 640K, reserved 1048576K
}
Event: 7.842 GC heap before
{Heap before GC invocations=2 (full 0):
 def new generation   total 2432K, used 2432K [0x00000000f8000000, 0x00000000f82a0000, 0x00000000faaa0000)
  eden space 2176K, 100% used [0x00000000f8000000, 0x00000000f8220000, 0x00000000f8220000)
  from space 256K, 100% used [0x00000000f8220000, 0x00000000f8260000, 0x00000000f8260000)
  to   space 256K,   0% used [0x00000000f8260000, 0x00000000f8260000, 0x00000000f82a0000)
 tenured generation   total 5504K, used 1152K [0x00000000faaa0000, 0x00000000fb000000, 0x0000000100000000)
   the space 5504K,  20% used [0x00000000faaa0000, 0x00000000fabc0250, 0x00000000fabc0400, 0x00000000fb000000)
 Metaspace       used 4645K, capacity 5246K, committed 5376K, reserved 1056768K
  class space    used 494K, capacity 679K, committed 768K, reserved 1048576K
}
Event: 7.860 GC heap after
{Heap after GC invocations=3 (full 0):
 def new generation   total 2432K, used 256K [0x00000000f8000000, 0x00000000f82a0000, 0x00000000faaa0000)
  eden space 2176K,   0% used [0x00000000f8000000, 0x00000000f8000000, 0x00000000f8220000)
  from space 256K, 100% used [0x00000000f8260000, 0x00000000f82a0000, 0x00000000f82a0000)
  to   space 256K,   0% used [0x00000000f8220000, 0x00000000f8220000, 0x00000000f8260000)
 tenured generation   total 5504K, used 1551K [0x00000000faaa0000, 0x00000000fb000000, 0x0000000100000000)
   the space 5504K,  28% used [0x00000000faaa0000, 0x00000000fac23fc8, 0x00000000fac24000, 0x00000000fb000000)
 Metaspace       used 4645K, capacity 5246K, committed 5376K, reserved 1056768K
  class space    used 494K, capacity 679K, committed 768K, reserved 1048576K
}
Event: 9.112 GC heap before
{Heap before GC invocations=3 (full 0):
 def new generation   total 2432K, used 2432K [0x00000000f8000000, 0x00000000f82a0000, 0x00000000faaa0000)
  eden space 2176K, 100% used [0x00000000f8000000, 0x00000000f8220000, 0x00000000f8220000)
  from space 256K, 100% used [0x00000000f8260000, 0x00000000f82a0000, 0x00000000f82a0000)
  to   space 256K,   0% used [0x00000000f8220000, 0x00000000f8220000, 0x00000000f8260000)
 tenured generation   total 5504K, used 1551K [0x00000000faaa0000, 0x00000000fb000000, 0x0000000100000000)
   the space 5504K,  28% used [0x00000000faaa0000, 0x00000000fac23fc8, 0x00000000fac24000, 0x00000000fb000000)
 Metaspace       used 6313K, capacity 6721K, committed 6912K, reserved 1056768K
  class space    used 712K, capacity 898K, committed 1024K, reserved 1048576K
}
Event: 9.116 GC heap after
{Heap after GC invocations=4 (full 0):
 def new generation   total 2432K, used 256K [0x00000000f8000000, 0x00000000f82a0000, 0x00000000faaa0000)
  eden space 2176K,   0% used [0x00000000f8000000, 0x00000000f8000000, 0x00000000f8220000)
  from space 256K, 100% used [0x00000000f8220000, 0x00000000f8260000, 0x00000000f8260000)
  to   space 256K,   0% used [0x00000000f8260000, 0x00000000f8260000, 0x00000000f82a0000)
 tenured generation   total 5504K, used 1848K [0x00000000faaa0000, 0x00000000fb000000, 0x0000000100000000)
   the space 5504K,  33% used [0x00000000faaa0000, 0x00000000fac6e200, 0x00000000fac6e200, 0x00000000fb000000)
 Metaspace       used 6313K, capacity 6721K, committed 6912K, reserved 1056768K
  class space    used 712K, capacity 898K, committed 1024K, reserved 1048576K
}
Event: 9.711 GC heap before
{Heap before GC invocations=4 (full 0):
 def new generation   total 2432K, used 2432K [0x00000000f8000000, 0x00000000f82a0000, 0x00000000faaa0000)
  eden space 2176K, 100% used [0x00000000f8000000, 0x00000000f8220000, 0x00000000f8220000)
  from space 256K, 100% used [0x00000000f8220000, 0x00000000f8260000, 0x00000000f8260000)
  to   space 256K,   0% used [0x00000000f8260000, 0x00000000f8260000, 0x00000000f82a0000)
 tenured generation   total 5504K, used 1848K [0x00000000faaa0000, 0x00000000fb000000, 0x0000000100000000)
   the space 5504K,  33% used [0x00000000faaa0000, 0x00000000fac6e200, 0x00000000fac6e200, 0x00000000fb000000)
 Metaspace       used 7005K, capacity 7459K, committed 7808K, reserved 1056768K
  class space    used 815K, capacity 1039K, committed 1152K, reserved 1048576K
}
Event: 9.715 GC heap after
{Heap after GC invocations=5 (full 0):
 def new generation   total 2432K, used 256K [0x00000000f8000000, 0x00000000f82a0000, 0x00000000faaa0000)
  eden space 2176K,   0% used [0x00000000f8000000, 0x00000000f8000000, 0x00000000f8220000)
  from space 256K, 100% used [0x00000000f8260000, 0x00000000f82a0000, 0x00000000f82a0000)
  to   space 256K,   0% used [0x00000000f8220000, 0x00000000f8220000, 0x00000000f8260000)
 tenured generation   total 5504K, used 2222K [0x00000000faaa0000, 0x00000000fb000000, 0x0000000100000000)
   the space 5504K,  40% used [0x00000000faaa0000, 0x00000000faccb858, 0x00000000faccba00, 0x00000000fb000000)
 Metaspace       used 7005K, capacity 7459K, committed 7808K, reserved 1056768K
  class space    used 815K, capacity 1039K, committed 1152K, reserved 1048576K
}
Event: 14.456 GC heap before
{Heap before GC invocations=5 (full 0):
 def new generation   total 2432K, used 2430K [0x00000000f8000000, 0x00000000f82a0000, 0x00000000faaa0000)
  eden space 2176K,  99% used [0x00000000f8000000, 0x00000000f821fb98, 0x00000000f8220000)
  from space 256K, 100% used [0x00000000f8260000, 0x00000000f82a0000, 0x00000000f82a0000)
  to   space 256K,   0% used [0x00000000f8220000, 0x00000000f8220000, 0x00000000f8260000)
 tenured generation   total 5504K, used 2222K [0x00000000faaa0000, 0x00000000fb000000, 0x0000000100000000)
   the space 5504K,  40% used [0x00000000faaa0000, 0x00000000faccb858, 0x00000000faccba00, 0x00000000fb000000)
 Metaspace       used 11652K, capacity 12149K, committed 12416K, reserved 1060864K
  class space    used 1384K, capacity 1641K, committed 1664K, reserved 1048576K
}
Event: 14.462 GC heap after
{Heap after GC invocations=6 (full 0):
 def new generation   total 2432K, used 255K [0x00000000f8000000, 0x00000000f82a0000, 0x00000000faaa0000)
  eden space 2176K,   0% used [0x00000000f8000000, 0x00000000f8000000, 0x00000000f8220000)
  from space 256K,  99% used [0x00000000f8220000, 0x00000000f825fff8, 0x00000000f8260000)
  to   space 256K,   0% used [0x00000000f8260000, 0x00000000f8260000, 0x00000000f82a0000)
 tenured generation   total 5504K, used 3134K [0x00000000faaa0000, 0x00000000fb000000, 0x0000000100000000)
   the space 5504K,  56% used [0x00000000faaa0000, 0x00000000fadafaf8, 0x00000000fadafc00, 0x00000000fb000000)
 Metaspace       used 11652K, capacity 12149K, committed 12416K, reserved 1060864K
  class space    used 1384K, capacity 1641K, committed 1664K, reserved 1048576K
}
Event: 29.512 GC heap before
{Heap before GC invocations=6 (full 0):
 def new generation   total 2432K, used 2431K [0x00000000f8000000, 0x00000000f82a0000, 0x00000000faaa0000)
  eden space 2176K, 100% used [0x00000000f8000000, 0x00000000f8220000, 0x00000000f8220000)
  from space 256K,  99% used [0x00000000f8220000, 0x00000000f825fff8, 0x00000000f8260000)
  to   space 256K,   0% used [0x00000000f8260000, 0x00000000f8260000, 0x00000000f82a0000)
 tenured generation   total 5504K, used 3134K [0x00000000faaa0000, 0x00000000fb000000, 0x0000000100000000)
   the space 5504K,  56% used [0x00000000faaa0000, 0x00000000fadafaf8, 0x00000000fadafc00, 0x00000000fb000000)
 Metaspace       used 12303K, capacity 12832K, committed 12928K, reserved 1060864K
  class space    used 1392K, capacity 1652K, committed 1664K, reserved 1048576K
}
Event: 29.516 GC heap after
{Heap after GC invocations=7 (full 0):
 def new generation   total 2432K, used 111K [0x00000000f8000000, 0x00000000f82a0000, 0x00000000faaa0000)
  eden space 2176K,   0% used [0x00000000f8000000, 0x00000000f8000000, 0x00000000f8220000)
  from space 256K,  43% used [0x00000000f8260000, 0x00000000f827bfe8, 0x00000000f82a0000)
  to   space 256K,   0% used [0x00000000f8220000, 0x00000000f8220000, 0x00000000f8260000)
 tenured generation   total 5504K, used 3388K [0x00000000faaa0000, 0x00000000fb000000, 0x0000000100000000)
   the space 5504K,  61% used [0x00000000faaa0000, 0x00000000fadef2b0, 0x00000000fadef400, 0x00000000fb000000)
 Metaspace       used 12303K, capacity 12832K, committed 12928K, reserved 1060864K
  class space    used 1392K, capacity 1652K, committed 1664K, reserved 1048576K
}
Event: 48.364 GC heap before
{Heap before GC invocations=7 (full 0):
 def new generation   total 2432K, used 2287K [0x00000000f8000000, 0x00000000f82a0000, 0x00000000faaa0000)
  eden space 2176K, 100% used [0x00000000f8000000, 0x00000000f8220000, 0x00000000f8220000)
  from space 256K,  43% used [0x00000000f8260000, 0x00000000f827bfe8, 0x00000000f82a0000)
  to   space 256K,   0% used [0x00000000f8220000, 0x00000000f8220000, 0x00000000f8260000)
 tenured generation   total 5504K, used 3388K [0x00000000faaa0000, 0x00000000fb000000, 0x0000000100000000)
   the space 5504K,  61% used [0x00000000faaa0000, 0x00000000fadef2b0, 0x00000000fadef400, 0x00000000fb000000)
 Metaspace       used 12623K, capacity 13159K, committed 13184K, reserved 1060864K
  class space    used 1393K, capacity 1653K, committed 1664K, reserved 1048576K
}
Event: 48.367 GC heap after
{Heap after GC invocations=8 (full 0):
 def new generation   total 2432K, used 127K [0x00000000f8000000, 0x00000000f82a0000, 0x00000000faaa0000)
  eden space 2176K,   0% used [0x00000000f8000000, 0x00000000f8000000, 0x00000000f8220000)
  from space 256K,  49% used [0x00000000f8220000, 0x00000000f823fdd8, 0x00000000f8260000)
  to   space 256K,   0% used [0x00000000f8260000, 0x00000000f8260000, 0x00000000f82a0000)
 tenured generation   total 5504K, used 3388K [0x00000000faaa0000, 0x00000000fb000000, 0x0000000100000000)
   the space 5504K,  61% used [0x00000000faaa0000, 0x00000000fadef2b0, 0x00000000fadef400, 0x00000000fb000000)
 Metaspace       used 12623K, capacity 13159K, committed 13184K, reserved 1060864K
  class space    used 1393K, capacity 1653K, committed 1664K, reserved 1048576K
}

Deoptimization events (20 events):
Event: 13.530 Thread 0x00007f1090491800 Uncommon trap: trap_request=0xffffffde fr.pc=0x00007f107f158d74 relative=0x00000000000001d4
Event: 13.530 Thread 0x00007f1090491800 Uncommon trap: reason=class_check action=maybe_recompile pc=0x00007f107f158d74 method=java.lang.String.equals(Ljava/lang/Object;)Z @ 8 c2
Event: 13.530 Thread 0x00007f1090491800 DEOPT PACKING pc=0x00007f107f158d74 sp=0x00007f104c4720e0
Event: 13.530 Thread 0x00007f1090491800 DEOPT UNPACKING pc=0x00007f10776a33a5 sp=0x00007f104c4720a8 mode 2
Event: 13.530 Thread 0x00007f1090491800 Uncommon trap: trap_request=0xffffffde fr.pc=0x00007f107f158d74 relative=0x00000000000001d4
Event: 13.530 Thread 0x00007f1090491800 Uncommon trap: reason=class_check action=maybe_recompile pc=0x00007f107f158d74 method=java.lang.String.equals(Ljava/lang/Object;)Z @ 8 c2
Event: 13.530 Thread 0x00007f1090491800 DEOPT PACKING pc=0x00007f107f158d74 sp=0x00007f104c4720e0
Event: 13.530 Thread 0x00007f1090491800 DEOPT UNPACKING pc=0x00007f10776a33a5 sp=0x00007f104c4720a8 mode 2
Event: 13.650 Thread 0x00007f1090491800 Uncommon trap: trap_request=0xffffffde fr.pc=0x00007f107f158d74 relative=0x00000000000001d4
Event: 13.650 Thread 0x00007f1090491800 Uncommon trap: reason=class_check action=maybe_recompile pc=0x00007f107f158d74 method=java.lang.String.equals(Ljava/lang/Object;)Z @ 8 c2
Event: 13.650 Thread 0x00007f1090491800 DEOPT PACKING pc=0x00007f107f158d74 sp=0x00007f104c4720e0
Event: 13.650 Thread 0x00007f1090491800 DEOPT UNPACKING pc=0x00007f10776a33a5 sp=0x00007f104c4720a8 mode 2
Event: 13.650 Thread 0x00007f1090491800 Uncommon trap: trap_request=0xffffffde fr.pc=0x00007f107f158d74 relative=0x00000000000001d4
Event: 13.650 Thread 0x00007f1090491800 Uncommon trap: reason=class_check action=maybe_recompile pc=0x00007f107f158d74 method=java.lang.String.equals(Ljava/lang/Object;)Z @ 8 c2
Event: 13.650 Thread 0x00007f1090491800 DEOPT PACKING pc=0x00007f107f158d74 sp=0x00007f104c4720e0
Event: 13.650 Thread 0x00007f1090491800 DEOPT UNPACKING pc=0x00007f10776a33a5 sp=0x00007f104c4720a8 mode 2
Event: 51.720 Thread 0x00007f1090491800 Uncommon trap: trap_request=0xffffffcc fr.pc=0x00007f107f1de200 relative=0x00000000000002c0
Event: 51.720 Thread 0x00007f1090491800 Uncommon trap: reason=intrinsic_or_type_checked_inlining action=make_not_entrant pc=0x00007f107f1de200 method=java.util.Arrays.copyOf([Ljava/lang/Object;ILjava/lang/Class;)[Ljava/lang/Object; @ 35 c2
Event: 51.720 Thread 0x00007f1090491800 DEOPT PACKING pc=0x00007f107f1de200 sp=0x00007f104c4727f0
Event: 51.720 Thread 0x00007f1090491800 DEOPT UNPACKING pc=0x00007f10776a33a5 sp=0x00007f104c472780 mode 2

Classes redefined (0 events):
No events

Internal exceptions (20 events):
Event: 7.321 Thread 0x00007f1090015800 Exception <a 'java/lang/NoSuchMethodError'{0x00000000f806cdb8}: 'java.lang.Object java.lang.invoke.DirectMethodHandle$Holder.invokeStatic(java.lang.Object, java.lang.Object, java.lang.Object, java.lang.Object, java.lang.Object, java.lang.Object, java.lang.Object, java.lang.Object, int, int)'> (0x00000000f806cdb8) thrown at [./src/hotspot/share/interpreter/linkResolver.cpp, line 773]
Event: 7.323 Thread 0x00007f1090015800 Exception <a 'java/lang/NoSuchMethodError'{0x00000000f80793f0}: 'void java.lang.invoke.DirectMethodHandle$Holder.invokeSpecial(java.lang.Object, java.lang.Object)'> (0x00000000f80793f0) thrown at [./src/hotspot/share/interpreter/linkResolver.cpp, line 773]
Event: 7.630 Thread 0x00007f1090015800 Exception <a 'java/lang/NoSuchMethodError'{0x00000000f81acc40}: 'java.lang.Object java.lang.invoke.Invokers$Holder.linkToTargetMethod(java.lang.Object, int, java.lang.Object)'> (0x00000000f81acc40) thrown at [./src/hotspot/share/interpreter/linkResolver.cpp, line 773]
Event: 7.710 Thread 0x00007f1090015800 Exception <a 'java/lang/ClassNotFoundException'{0x00000000f81b6dd8}: com/sun/swing/internal/plaf/metal/resources/spi/metalProvider> (0x00000000f81b6dd8) thrown at [./src/hotspot/share/classfile/systemDictionary.cpp, line 231]
Event: 7.727 Thread 0x00007f1090015800 Exception <a 'java/lang/ClassNotFoundException'{0x00000000f81badd0}: com/sun/swing/internal/plaf/basic/resources/spi/basicProvider> (0x00000000f81badd0) thrown at [./src/hotspot/share/classfile/systemDictionary.cpp, line 231]
Event: 7.814 Thread 0x00007f1090015800 Exception <a 'java/lang/NoSuchMethodError'{0x00000000f81f6210}: 'java.lang.Object java.lang.invoke.DirectMethodHandle$Holder.invokeStatic(java.lang.Object, java.lang.Object, java.lang.Object, java.lang.Object, java.lang.Object, java.lang.Object, java.lang.Object, java.lang.Object, java.lang.Object, java.lang.Object, java.lang.Object, int)'> (0x00000000f81f6210) thrown at [./src/hotspot/share/interpreter/linkResolver.cpp, line 773]
Event: 7.839 Thread 0x00007f1090015800 Exception <a 'java/lang/NoSuchMethodError'{0x00000000f8213550}: 'java.lang.Object java.lang.invoke.DirectMethodHandle$Holder.invokeStatic(java.lang.Object, java.lang.Object, java.lang.Object, java.lang.Object, java.lang.Object, java.lang.Object, java.lang.Object, java.lang.Object, java.lang.Object, java.lang.Object, java.lang.Object, int, int)'> (0x00000000f8213550) thrown at [./src/hotspot/share/interpreter/linkResolver.cpp, line 773]
Event: 7.912 Thread 0x00007f1090015800 Exception <a 'java/lang/NoSuchMethodError'{0x00000000f80141e8}: 'java.lang.Object java.lang.invoke.DirectMethodHandle$Holder.invokeStatic(java.lang.Object, java.lang.Object, java.lang.Object, java.lang.Object, java.lang.Object, java.lang.Object, java.lang.Object, java.lang.Object, java.lang.Object, java.lang.Object, java.lang.Object, int, int, java.lang.Object)'> (0x00000000f80141e8) thrown at [./src/hotspot/share/interpreter/linkResolver.cpp, line 773]
Event: 7.920 Thread 0x00007f1090015800 Exception <a 'java/lang/NoSuchMethodError'{0x00000000f8034d18}: 'java.lang.Object java.lang.invoke.DirectMethodHandle$Holder.invokeStatic(java.lang.Object, java.lang.Object, java.lang.Object, java.lang.Object, java.lang.Object, java.lang.Object, java.lang.Object, java.lang.Object, java.lang.Object, java.lang.Object, java.lang.Object, int, int, java.lang.Object, java.lang.Object)'> (0x00000000f8034d18) thrown at [./src/hotspot/share/interpreter/linkResolver.cpp, line 773]
Event: 9.033 Thread 0x00007f1090015800 Exception <a 'java/lang/NoSuchMethodError'{0x00000000f81b4908}: 'java.lang.Object java.lang.invoke.DirectMethodHandle$Holder.invokeSpecial(java.lang.Object, java.lang.Object, int, int, java.lang.Object, java.lang.Object, java.lang.Object, java.lang.Object, java.lang.Object)'> (0x00000000f81b4908) thrown at [./src/hotspot/share/interpreter/linkResolver.cpp, line 773]
Event: 9.033 Thread 0x00007f1090015800 Exception <a 'java/lang/NoSuchMethodError'{0x00000000f81b8598}: 'java.lang.Object java.lang.invoke.DelegatingMethodHandle$Holder.reinvoke_L(java.lang.Object, int, int, java.lang.Object, java.lang.Object, java.lang.Object, java.lang.Object, java.lang.Object)'> (0x00000000f81b8598) thrown at [./src/hotspot/share/interpreter/linkResolver.cpp, line 773]
Event: 9.103 Thread 0x00007f1090015800 Exception <a 'java/lang/NoSuchMethodError'{0x00000000f8207060}: 'java.lang.Object java.lang.invoke.DirectMethodHandle$Holder.invokeStatic(java.lang.Object, java.lang.Object, java.lang.Object, java.lang.Object, java.lang.Object, java.lang.Object, java.lang.Object, java.lang.Object, java.lang.Object, java.lang.Object, int, int, java.lang.Object, java.lang.Object)'> (0x00000000f8207060) thrown at [./src/hotspot/share/interpreter/linkResolver.cpp, line 773]
Event: 9.119 Thread 0x00007f1090015800 Exception <a 'java/lang/NoSuchMethodError'{0x00000000f80090f0}: 'java.lang.Object java.lang.invoke.DirectMethodHandle$Holder.invokeStatic(java.lang.Object, java.lang.Object, java.lang.Object, java.lang.Object, java.lang.Object, java.lang.Object, java.lang.Object, java.lang.Object, java.lang.Object, java.lang.Object, int, int, java.lang.Object, java.lang.Object, java.lang.Object)'> (0x00000000f80090f0) thrown at [./src/hotspot/share/interpreter/linkResolver.cpp, line 773]
Event: 9.201 Thread 0x00007f1090015800 Exception <a 'java/lang/NoSuchMethodError'{0x00000000f80468c8}: 'java.lang.Object java.lang.invoke.Invokers$Holder.linkToTargetMethod(java.lang.Object, java.lang.Object, java.lang.Object, java.lang.Object, java.lang.Object, java.lang.Object)'> (0x00000000f80468c8) thrown at [./src/hotspot/share/interpreter/linkResolver.cpp, line 773]
Event: 9.219 Thread 0x00007f1090015800 Exception <a 'java/lang/NoSuchMethodError'{0x00000000f80b5cc8}: 'java.lang.Object java.lang.invoke.DirectMethodHandle$Holder.invokeSpecial(java.lang.Object, java.lang.Object, int, int, java.lang.Object, java.lang.Object, java.lang.Object, java.lang.Object)'> (0x00000000f80b5cc8) thrown at [./src/hotspot/share/interpreter/linkResolver.cpp, line 773]
Event: 9.219 Thread 0x00007f1090015800 Exception <a 'java/lang/NoSuchMethodError'{0x00000000f80b96a8}: 'java.lang.Object java.lang.invoke.DelegatingMethodHandle$Holder.reinvoke_L(java.lang.Object, int, int, java.lang.Object, java.lang.Object, java.lang.Object, java.lang.Object)'> (0x00000000f80b96a8) thrown at [./src/hotspot/share/interpreter/linkResolver.cpp, line 773]
Event: 9.441 Thread 0x00007f1090015800 Exception <a 'java/lang/NoSuchMethodError'{0x00000000f81b9af0}: 'java.lang.Object java.lang.invoke.DirectMethodHandle$Holder.invokeStatic(java.lang.Object, java.lang.Object, java.lang.Object, java.lang.Object, java.lang.Object, java.lang.Object, java.lang.Object, java.lang.Object, java.lang.Object, java.lang.Object, java.lang.Object, java.lang.Object, java.lang.Object, int)'> (0x00000000f81b9af0) thrown at [./src/hotspot/share/interpreter/linkResolver.cpp, line 773]
Event: 9.442 Thread 0x00007f1090015800 Exception <a 'java/lang/NoSuchMethodError'{0x00000000f81c62c0}: 'java.lang.Object java.lang.invoke.DirectMethodHandle$Holder.invokeStatic(java.lang.Object, java.lang.Object, java.lang.Object, java.lang.Object, java.lang.Object, java.lang.Object, java.lang.Object, java.lang.Object, java.lang.Object, java.lang.Object, java.lang.Object, java.lang.Object, java.lang.Object, int, int)'> (0x00000000f81c62c0) thrown at [./src/hotspot/share/interpreter/linkResolver.cpp, line 773]
Event: 9.504 Thread 0x00007f1090015800 Exception <a 'java/lang/NoSuchMethodError'{0x00000000f81d6138}: 'java.lang.Object java.lang.invoke.DirectMethodHandle$Holder.invokeStatic(java.lang.Object, java.lang.Object, java.lang.Object, java.lang.Object, java.lang.Object, java.lang.Object, java.lang.Object, java.lang.Object, java.lang.Object, java.lang.Object, java.lang.Object, java.lang.Object, java.lang.Object, int, int, java.lang.Object)'> (0x00000000f81d6138) thrown at [./src/hotspot/share/interpreter/linkResolver.cpp, line 773]
Event: 10.334 Thread 0x00007f1090015800 Exception <a 'java/lang/NoSuchMethodError'{0x00000000f8120988}: 'void java.lang.invoke.DirectMethodHandle$Holder.invokeStaticInit(java.lang.Object)'> (0x00000000f8120988) thrown at [./src/hotspot/share/interpreter/linkResolver.cpp, line 773]

Events (20 events):
Event: 51.723 Executing VM operation: RevokeBias
Event: 51.723 Executing VM operation: RevokeBias done
Event: 51.725 Executing VM operation: RevokeBias
Event: 51.725 Executing VM operation: RevokeBias done
Event: 52.201 Executing VM operation: RevokeBias
Event: 52.202 Executing VM operation: RevokeBias done
Event: 52.956 Executing VM operation: RevokeBias
Event: 52.956 Executing VM operation: RevokeBias done
Event: 53.701 Loaded shared library /usr/lib/jvm/java-11-openjdk-amd64/lib/libawt_xawt.so
Event: 64.466 loading class jdk/internal/misc/Signal$1
Event: 64.466 loading class jdk/internal/misc/Signal$1 done
Event: 64.466 Thread 0x00007f1060001000 Thread added: 0x00007f1060001000
Event: 64.466 Protecting memory [0x00007f104c57a000,0x00007f104c57e000] with protection modes 0
Event: 64.468 Executing VM operation: RevokeBias
Event: 64.468 Executing VM operation: RevokeBias done
Event: 64.469 Executing VM operation: RevokeBias
Event: 64.469 Executing VM operation: RevokeBias done
Event: 64.469 Thread 0x00007f1038001800 Thread added: 0x00007f1038001800
Event: 64.469 Protecting memory [0x00007f108ec6d000,0x00007f108ec71000] with protection modes 0
Event: 64.469 loading class sun/awt/X11/XSystemTrayPeer


Dynamic libraries:
f8000000-f82a0000 rw-p 00000000 00:00 0 
f82a0000-faaa0000 ---p 00000000 00:00 0 
faaa0000-fb000000 rw-p 00000000 00:00 0 
fb000000-100000000 ---p 00000000 00:00 0 
800000000-800002000 rwxp 00001000 08:01 8037580                          /usr/lib/jvm/java-11-openjdk-amd64/lib/server/classes.jsa
800002000-8003b8000 rw-p 00003000 08:01 8037580                          /usr/lib/jvm/java-11-openjdk-amd64/lib/server/classes.jsa
8003b8000-800a92000 r--p 003b9000 08:01 8037580                          /usr/lib/jvm/java-11-openjdk-amd64/lib/server/classes.jsa
800a92000-800a93000 rw-p 00a93000 08:01 8037580                          /usr/lib/jvm/java-11-openjdk-amd64/lib/server/classes.jsa
800a93000-80109e000 r--p 00a94000 08:01 8037580                          /usr/lib/jvm/java-11-openjdk-amd64/lib/server/classes.jsa
840000000-8401a0000 rw-p 00000000 00:00 0 
8401a0000-880000000 ---p 00000000 00:00 0 
56444d2d0000-56444d2d1000 r-xp 00000000 08:01 8037212                    /usr/lib/jvm/java-11-openjdk-amd64/bin/java
56444d4d1000-56444d4d2000 r--p 00001000 08:01 8037212                    /usr/lib/jvm/java-11-openjdk-amd64/bin/java
56444d4d2000-56444d4d3000 rw-p 00002000 08:01 8037212                    /usr/lib/jvm/java-11-openjdk-amd64/bin/java
56444dc27000-56444dc48000 rw-p 00000000 00:00 0                          [heap]
7f1024000000-7f1024021000 rw-p 00000000 00:00 0 
7f1024021000-7f1028000000 ---p 00000000 00:00 0 
7f102be00000-7f102bf80000 rw-p 00000000 00:00 0 
7f102bf80000-7f102c000000 ---p 00000000 00:00 0 
7f102c000000-7f102c021000 rw-p 00000000 00:00 0 
7f102c021000-7f1030000000 ---p 00000000 00:00 0 
7f1030000000-7f10301ab000 rw-p 00000000 00:00 0 
7f10301ab000-7f1034000000 ---p 00000000 00:00 0 
7f1034000000-7f103402a000 rw-p 00000000 00:00 0 
7f103402a000-7f1038000000 ---p 00000000 00:00 0 
7f1038000000-7f1038021000 rw-p 00000000 00:00 0 
7f1038021000-7f103c000000 ---p 00000000 00:00 0 
7f103c000000-7f103c021000 rw-p 00000000 00:00 0 
7f103c021000-7f1040000000 ---p 00000000 00:00 0 
7f1040000000-7f1040021000 rw-p 00000000 00:00 0 
7f1040021000-7f1044000000 ---p 00000000 00:00 0 
7f1044000000-7f1044021000 rw-p 00000000 00:00 0 
7f1044021000-7f1048000000 ---p 00000000 00:00 0 
7f1048000000-7f1048021000 rw-p 00000000 00:00 0 
7f1048021000-7f104c000000 ---p 00000000 00:00 0 
7f104c077000-7f104c07b000 ---p 00000000 00:00 0 
7f104c07b000-7f104c378000 rw-p 00000000 00:00 0 
7f104c378000-7f104c37c000 ---p 00000000 00:00 0 
7f104c37c000-7f104c479000 rw-p 00000000 00:00 0 
7f104c479000-7f104c47d000 ---p 00000000 00:00 0 
7f104c47d000-7f104c57a000 rw-p 00000000 00:00 0 
7f104c57a000-7f104c57e000 ---p 00000000 00:00 0 
7f104c57e000-7f104c67b000 rw-p 00000000 00:00 0 
7f104c67b000-7f104c67f000 ---p 00000000 00:00 0 
7f104c67f000-7f104c77c000 rw-p 00000000 00:00 0 
7f104c77c000-7f104c780000 ---p 00000000 00:00 0 
7f104c780000-7f104c87d000 rw-p 00000000 00:00 0 
7f104c87d000-7f104c882000 r-xp 00000000 08:01 3916239                    /usr/lib/x86_64-linux-gnu/libXfixes.so.3.1.0
7f104c882000-7f104ca81000 ---p 00005000 08:01 3916239                    /usr/lib/x86_64-linux-gnu/libXfixes.so.3.1.0
7f104ca81000-7f104ca82000 r--p 00004000 08:01 3916239                    /usr/lib/x86_64-linux-gnu/libXfixes.so.3.1.0
7f104ca82000-7f104ca83000 rw-p 00005000 08:01 3916239                    /usr/lib/x86_64-linux-gnu/libXfixes.so.3.1.0
7f104ca83000-7f104ca8c000 r-xp 00000000 08:01 3916231                    /usr/lib/x86_64-linux-gnu/libXcursor.so.1.0.2
7f104ca8c000-7f104cc8b000 ---p 00009000 08:01 3916231                    /usr/lib/x86_64-linux-gnu/libXcursor.so.1.0.2
7f104cc8b000-7f104cc8c000 r--p 00008000 08:01 3916231                    /usr/lib/x86_64-linux-gnu/libXcursor.so.1.0.2
7f104cc8c000-7f104cc8d000 rw-p 00009000 08:01 3916231                    /usr/lib/x86_64-linux-gnu/libXcursor.so.1.0.2
7f104cc8d000-7f104cc8e000 ---p 00000000 00:00 0 
7f104cc8e000-7f104d48e000 rw-p 00000000 00:00 0 
7f104d48e000-7f104d48f000 ---p 00000000 00:00 0 
7f104d48f000-7f104dc8f000 rw-p 00000000 00:00 0 
7f104dc8f000-7f104dc9b000 r-xp 00000000 08:01 3916152                    /usr/lib/x86_64-linux-gnu/gio/modules/libdconfsettings.so
7f104dc9b000-7f104de9a000 ---p 0000c000 08:01 3916152                    /usr/lib/x86_64-linux-gnu/gio/modules/libdconfsettings.so
7f104de9a000-7f104de9b000 r--p 0000b000 08:01 3916152                    /usr/lib/x86_64-linux-gnu/gio/modules/libdconfsettings.so
7f104de9b000-7f104de9c000 rw-p 0000c000 08:01 3916152                    /usr/lib/x86_64-linux-gnu/gio/modules/libdconfsettings.so
7f104de9c000-7f104dea2000 r-xp 00000000 08:01 262968                     /lib/x86_64-linux-gnu/libuuid.so.1.3.0
7f104dea2000-7f104e0a1000 ---p 00006000 08:01 262968                     /lib/x86_64-linux-gnu/libuuid.so.1.3.0
7f104e0a1000-7f104e0a2000 r--p 00005000 08:01 262968                     /lib/x86_64-linux-gnu/libuuid.so.1.3.0
7f104e0a2000-7f104e0a3000 rw-p 00006000 08:01 262968                     /lib/x86_64-linux-gnu/libuuid.so.1.3.0
7f104e0a3000-7f104e0ea000 r-xp 00000000 08:01 262086                     /lib/x86_64-linux-gnu/libblkid.so.1.1.0
7f104e0ea000-7f104e2ea000 ---p 00047000 08:01 262086                     /lib/x86_64-linux-gnu/libblkid.so.1.1.0
7f104e2ea000-7f104e2ee000 r--p 00047000 08:01 262086                     /lib/x86_64-linux-gnu/libblkid.so.1.1.0
7f104e2ee000-7f104e2ef000 rw-p 0004b000 08:01 262086                     /lib/x86_64-linux-gnu/libblkid.so.1.1.0
7f104e2ef000-7f104e2f0000 rw-p 00000000 00:00 0 
7f104e2f0000-7f104e360000 r-xp 00000000 08:01 262150                     /lib/x86_64-linux-gnu/libpcre.so.3.13.3
7f104e360000-7f104e560000 ---p 00070000 08:01 262150                     /lib/x86_64-linux-gnu/libpcre.so.3.13.3
7f104e560000-7f104e561000 r--p 00070000 08:01 262150                     /lib/x86_64-linux-gnu/libpcre.so.3.13.3
7f104e561000-7f104e562000 rw-p 00071000 08:01 262150                     /lib/x86_64-linux-gnu/libpcre.so.3.13.3
7f104e562000-7f104e569000 r-xp 00000000 08:01 263725                     /usr/lib/x86_64-linux-gnu/libffi.so.6.0.4
7f104e569000-7f104e768000 ---p 00007000 08:01 263725                     /usr/lib/x86_64-linux-gnu/libffi.so.6.0.4
7f104e768000-7f104e769000 r--p 00006000 08:01 263725                     /usr/lib/x86_64-linux-gnu/libffi.so.6.0.4
7f104e769000-7f104e76a000 rw-p 00007000 08:01 263725                     /usr/lib/x86_64-linux-gnu/libffi.so.6.0.4
7f104e76a000-7f104e7bb000 r-xp 00000000 08:01 262121                     /lib/x86_64-linux-gnu/libmount.so.1.1.0
7f104e7bb000-7f104e9ba000 ---p 00051000 08:01 262121                     /lib/x86_64-linux-gnu/libmount.so.1.1.0
7f104e9ba000-7f104e9bc000 r--p 00050000 08:01 262121                     /lib/x86_64-linux-gnu/libmount.so.1.1.0
7f104e9bc000-7f104e9bd000 rw-p 00052000 08:01 262121                     /lib/x86_64-linux-gnu/libmount.so.1.1.0
7f104e9bd000-7f104e9be000 rw-p 00000000 00:00 0 
7f104e9be000-7f104e9d5000 r-xp 00000000 08:01 262155                     /lib/x86_64-linux-gnu/libresolv-2.27.so
7f104e9d5000-7f104ebd5000 ---p 00017000 08:01 262155                     /lib/x86_64-linux-gnu/libresolv-2.27.so
7f104ebd5000-7f104ebd6000 r--p 00017000 08:01 262155                     /lib/x86_64-linux-gnu/libresolv-2.27.so
7f104ebd6000-7f104ebd7000 rw-p 00018000 08:01 262155                     /lib/x86_64-linux-gnu/libresolv-2.27.so
7f104ebd7000-7f104ebd9000 rw-p 00000000 00:00 0 
7f104ebd9000-7f104ebfe000 r-xp 00000000 08:01 262161                     /lib/x86_64-linux-gnu/libselinux.so.1
7f104ebfe000-7f104edfd000 ---p 00025000 08:01 262161                     /lib/x86_64-linux-gnu/libselinux.so.1
7f104edfd000-7f104edfe000 r--p 00024000 08:01 262161                     /lib/x86_64-linux-gnu/libselinux.so.1
7f104edfe000-7f104edff000 rw-p 00025000 08:01 262161                     /lib/x86_64-linux-gnu/libselinux.so.1
7f104edff000-7f104ee01000 rw-p 00000000 00:00 0 
7f104ee01000-7f104ef15000 r-xp 00000000 08:01 3916537                    /usr/lib/x86_64-linux-gnu/libglib-2.0.so.0.5600.4
7f104ef15000-7f104f115000 ---p 00114000 08:01 3916537                    /usr/lib/x86_64-linux-gnu/libglib-2.0.so.0.5600.4
7f104f115000-7f104f116000 r--p 00114000 08:01 3916537                    /usr/lib/x86_64-linux-gnu/libglib-2.0.so.0.5600.4
7f104f116000-7f104f117000 rw-p 00115000 08:01 3916537                    /usr/lib/x86_64-linux-gnu/libglib-2.0.so.0.5600.4
7f104f117000-7f104f118000 rw-p 00000000 00:00 0 
7f104f118000-7f104f11b000 r-xp 00000000 08:01 3916541                    /usr/lib/x86_64-linux-gnu/libgmodule-2.0.so.0.5600.4
7f104f11b000-7f104f31a000 ---p 00003000 08:01 3916541                    /usr/lib/x86_64-linux-gnu/libgmodule-2.0.so.0.5600.4
7f104f31a000-7f104f31b000 r--p 00002000 08:01 3916541                    /usr/lib/x86_64-linux-gnu/libgmodule-2.0.so.0.5600.4
7f104f31b000-7f104f31c000 rw-p 00003000 08:01 3916541                    /usr/lib/x86_64-linux-gnu/libgmodule-2.0.so.0.5600.4
7f104f31c000-7f104f36e000 r-xp 00000000 08:01 3916545                    /usr/lib/x86_64-linux-gnu/libgobject-2.0.so.0.5600.4
7f104f36e000-7f104f56e000 ---p 00052000 08:01 3916545                    /usr/lib/x86_64-linux-gnu/libgobject-2.0.so.0.5600.4
7f104f56e000-7f104f56f000 r--p 00052000 08:01 3916545                    /usr/lib/x86_64-linux-gnu/libgobject-2.0.so.0.5600.4
7f104f56f000-7f104f570000 rw-p 00053000 08:01 3916545                    /usr/lib/x86_64-linux-gnu/libgobject-2.0.so.0.5600.4
7f104f570000-7f104f705000 r-xp 00000000 08:01 3916529                    /usr/lib/x86_64-linux-gnu/libgio-2.0.so.0.5600.4
7f104f705000-7f104f905000 ---p 00195000 08:01 3916529                    /usr/lib/x86_64-linux-gnu/libgio-2.0.so.0.5600.4
7f104f905000-7f104f90c000 r--p 00195000 08:01 3916529                    /usr/lib/x86_64-linux-gnu/libgio-2.0.so.0.5600.4
7f104f90c000-7f104f90d000 rw-p 0019c000 08:01 3916529                    /usr/lib/x86_64-linux-gnu/libgio-2.0.so.0.5600.4
7f104f90d000-7f104f90f000 rw-p 00000000 00:00 0 
7f104f90f000-7f104f919000 r-xp 00000000 08:01 3916255                    /usr/lib/x86_64-linux-gnu/libXrandr.so.2.2.0
7f104f919000-7f104fb18000 ---p 0000a000 08:01 3916255                    /usr/lib/x86_64-linux-gnu/libXrandr.so.2.2.0
7f104fb18000-7f104fb19000 r--p 00009000 08:01 3916255                    /usr/lib/x86_64-linux-gnu/libXrandr.so.2.2.0
7f104fb19000-7f104fb1a000 rw-p 0000a000 08:01 3916255                    /usr/lib/x86_64-linux-gnu/libXrandr.so.2.2.0
7f104fb1a000-7f104fb4b000 r-xp 00000000 08:01 3916782                    /usr/lib/x86_64-linux-gnu/libpng16.so.16.34.0
7f104fb4b000-7f104fd4a000 ---p 00031000 08:01 3916782                    /usr/lib/x86_64-linux-gnu/libpng16.so.16.34.0
7f104fd4a000-7f104fd4b000 r--p 00030000 08:01 3916782                    /usr/lib/x86_64-linux-gnu/libpng16.so.16.34.0
7f104fd4b000-7f104fd4c000 rw-p 00031000 08:01 3916782                    /usr/lib/x86_64-linux-gnu/libpng16.so.16.34.0
7f104fd4c000-7f104fdf9000 r-xp 00000000 08:01 3916512                    /usr/lib/x86_64-linux-gnu/libfreetype.so.6.15.0
7f104fdf9000-7f104fff8000 ---p 000ad000 08:01 3916512                    /usr/lib/x86_64-linux-gnu/libfreetype.so.6.15.0
7f104fff8000-7f104ffff000 r--p 000ac000 08:01 3916512                    /usr/lib/x86_64-linux-gnu/libfreetype.so.6.15.0
7f104ffff000-7f1050000000 rw-p 000b3000 08:01 3916512                    /usr/lib/x86_64-linux-gnu/libfreetype.so.6.15.0
7f1050000000-7f1050021000 rw-p 00000000 00:00 0 
7f1050021000-7f1054000000 ---p 00000000 00:00 0 
7f1054000000-7f1054021000 rw-p 00000000 00:00 0 
7f1054021000-7f1058000000 ---p 00000000 00:00 0 
7f1058000000-7f1058961000 rw-p 00000000 00:00 0 
7f1058961000-7f105c000000 ---p 00000000 00:00 0 
7f105c000000-7f105c021000 rw-p 00000000 00:00 0 
7f105c021000-7f1060000000 ---p 00000000 00:00 0 
7f1060000000-7f1060021000 rw-p 00000000 00:00 0 
7f1060021000-7f1064000000 ---p 00000000 00:00 0 
7f1064000000-7f106466d000 rw-p 00000000 00:00 0 
7f106466d000-7f1068000000 ---p 00000000 00:00 0 
7f1068000000-7f1068021000 rw-p 00000000 00:00 0 
7f1068021000-7f106c000000 ---p 00000000 00:00 0 
7f106c000000-7f106c021000 rw-p 00000000 00:00 0 
7f106c021000-7f1070000000 ---p 00000000 00:00 0 
7f1070000000-7f1070093000 rw-p 00000000 00:00 0 
7f1070093000-7f1074000000 ---p 00000000 00:00 0 
7f1074039000-7f107416d000 r-xp 00000000 08:01 8037541                    /usr/lib/jvm/java-11-openjdk-amd64/lib/libfontmanager.so
7f107416d000-7f107436c000 ---p 00134000 08:01 8037541                    /usr/lib/jvm/java-11-openjdk-amd64/lib/libfontmanager.so
7f107436c000-7f107436d000 r--p 00133000 08:01 8037541                    /usr/lib/jvm/java-11-openjdk-amd64/lib/libfontmanager.so
7f107436d000-7f107436e000 rw-p 00134000 08:01 8037541                    /usr/lib/jvm/java-11-openjdk-amd64/lib/libfontmanager.so
7f107436e000-7f1074371000 rw-p 00000000 00:00 0 
7f1074371000-7f1074384000 r-xp 00000000 08:01 303891                     /lib/x86_64-linux-gnu/libbsd.so.0.8.7
7f1074384000-7f1074583000 ---p 00013000 08:01 303891                     /lib/x86_64-linux-gnu/libbsd.so.0.8.7
7f1074583000-7f1074584000 r--p 00012000 08:01 303891                     /lib/x86_64-linux-gnu/libbsd.so.0.8.7
7f1074584000-7f1074585000 rw-p 00013000 08:01 303891                     /lib/x86_64-linux-gnu/libbsd.so.0.8.7
7f1074585000-7f1074586000 rw-p 00000000 00:00 0 
7f1074586000-7f107458b000 r-xp 00000000 08:01 3916235                    /usr/lib/x86_64-linux-gnu/libXdmcp.so.6.0.0
7f107458b000-7f107478a000 ---p 00005000 08:01 3916235                    /usr/lib/x86_64-linux-gnu/libXdmcp.so.6.0.0
7f107478a000-7f107478b000 r--p 00004000 08:01 3916235                    /usr/lib/x86_64-linux-gnu/libXdmcp.so.6.0.0
7f107478b000-7f107478c000 rw-p 00005000 08:01 3916235                    /usr/lib/x86_64-linux-gnu/libXdmcp.so.6.0.0
7f107478c000-7f107478e000 r-xp 00000000 08:01 3916224                    /usr/lib/x86_64-linux-gnu/libXau.so.6.0.0
7f107478e000-7f107498e000 ---p 00002000 08:01 3916224                    /usr/lib/x86_64-linux-gnu/libXau.so.6.0.0
7f107498e000-7f107498f000 r--p 00002000 08:01 3916224                    /usr/lib/x86_64-linux-gnu/libXau.so.6.0.0
7f107498f000-7f1074990000 rw-p 00003000 08:01 3916224                    /usr/lib/x86_64-linux-gnu/libXau.so.6.0.0
7f1074990000-7f10749b6000 r-xp 00000000 08:01 3916915                    /usr/lib/x86_64-linux-gnu/libxcb.so.1.1.0
7f10749b6000-7f1074bb6000 ---p 00026000 08:01 3916915                    /usr/lib/x86_64-linux-gnu/libxcb.so.1.1.0
7f1074bb6000-7f1074bb7000 r--p 00026000 08:01 3916915                    /usr/lib/x86_64-linux-gnu/libxcb.so.1.1.0
7f1074bb7000-7f1074bb8000 rw-p 00027000 08:01 3916915                    /usr/lib/x86_64-linux-gnu/libxcb.so.1.1.0
7f1074bb8000-7f1074bc7000 r-xp 00000000 08:01 3916245                    /usr/lib/x86_64-linux-gnu/libXi.so.6.1.0
7f1074bc7000-7f1074dc6000 ---p 0000f000 08:01 3916245                    /usr/lib/x86_64-linux-gnu/libXi.so.6.1.0
7f1074dc6000-7f1074dc7000 r--p 0000e000 08:01 3916245                    /usr/lib/x86_64-linux-gnu/libXi.so.6.1.0
7f1074dc7000-7f1074dc8000 rw-p 0000f000 08:01 3916245                    /usr/lib/x86_64-linux-gnu/libXi.so.6.1.0
7f1074dc8000-7f1074dcd000 r-xp 00000000 08:01 3916263                    /usr/lib/x86_64-linux-gnu/libXtst.so.6.1.0
7f1074dcd000-7f1074fcc000 ---p 00005000 08:01 3916263                    /usr/lib/x86_64-linux-gnu/libXtst.so.6.1.0
7f1074fcc000-7f1074fcd000 r--p 00004000 08:01 3916263                    /usr/lib/x86_64-linux-gnu/libXtst.so.6.1.0
7f1074fcd000-7f1074fce000 rw-p 00005000 08:01 3916263                    /usr/lib/x86_64-linux-gnu/libXtst.so.6.1.0
7f1074fce000-7f1074fd7000 r-xp 00000000 08:01 3916257                    /usr/lib/x86_64-linux-gnu/libXrender.so.1.3.0
7f1074fd7000-7f10751d6000 ---p 00009000 08:01 3916257                    /usr/lib/x86_64-linux-gnu/libXrender.so.1.3.0
7f10751d6000-7f10751d7000 r--p 00008000 08:01 3916257                    /usr/lib/x86_64-linux-gnu/libXrender.so.1.3.0
7f10751d7000-7f10751d8000 rw-p 00009000 08:01 3916257                    /usr/lib/x86_64-linux-gnu/libXrender.so.1.3.0
7f10751d8000-7f107530b000 r-xp 00000000 08:01 3916222                    /usr/lib/x86_64-linux-gnu/libX11.so.6.3.0
7f107530b000-7f107550b000 ---p 00133000 08:01 3916222                    /usr/lib/x86_64-linux-gnu/libX11.so.6.3.0
7f107550b000-7f107550c000 r--p 00133000 08:01 3916222                    /usr/lib/x86_64-linux-gnu/libX11.so.6.3.0
7f107550c000-7f1075510000 rw-p 00134000 08:01 3916222                    /usr/lib/x86_64-linux-gnu/libX11.so.6.3.0
7f1075510000-7f1075521000 r-xp 00000000 08:01 3916237                    /usr/lib/x86_64-linux-gnu/libXext.so.6.4.0
7f1075521000-7f1075720000 ---p 00011000 08:01 3916237                    /usr/lib/x86_64-linux-gnu/libXext.so.6.4.0
7f1075720000-7f1075721000 r--p 00010000 08:01 3916237                    /usr/lib/x86_64-linux-gnu/libXext.so.6.4.0
7f1075721000-7f1075722000 rw-p 00011000 08:01 3916237                    /usr/lib/x86_64-linux-gnu/libXext.so.6.4.0
7f1075722000-7f1075781000 r-xp 00000000 08:01 8037538                    /usr/lib/jvm/java-11-openjdk-amd64/lib/libawt_xawt.so
7f1075781000-7f1075980000 ---p 0005f000 08:01 8037538                    /usr/lib/jvm/java-11-openjdk-amd64/lib/libawt_xawt.so
7f1075980000-7f1075981000 r--p 0005e000 08:01 8037538                    /usr/lib/jvm/java-11-openjdk-amd64/lib/libawt_xawt.so
7f1075981000-7f1075984000 rw-p 0005f000 08:01 8037538                    /usr/lib/jvm/java-11-openjdk-amd64/lib/libawt_xawt.so
7f1075984000-7f1075986000 rw-p 00000000 00:00 0 
7f1075986000-7f1075a24000 r-xp 00000000 08:01 8037536                    /usr/lib/jvm/java-11-openjdk-amd64/lib/libawt.so
7f1075a24000-7f1075c24000 ---p 0009e000 08:01 8037536                    /usr/lib/jvm/java-11-openjdk-amd64/lib/libawt.so
7f1075c24000-7f1075c25000 r--p 0009e000 08:01 8037536                    /usr/lib/jvm/java-11-openjdk-amd64/lib/libawt.so
7f1075c25000-7f1075c30000 rw-p 0009f000 08:01 8037536                    /usr/lib/jvm/java-11-openjdk-amd64/lib/libawt.so
7f1075c30000-7f1075c55000 rw-p 00000000 00:00 0 
7f1075c55000-7f1075c6b000 r-xp 00000000 08:01 8037559                    /usr/lib/jvm/java-11-openjdk-amd64/lib/libnet.so
7f1075c6b000-7f1075e6a000 ---p 00016000 08:01 8037559                    /usr/lib/jvm/java-11-openjdk-amd64/lib/libnet.so
7f1075e6a000-7f1075e6b000 r--p 00015000 08:01 8037559                    /usr/lib/jvm/java-11-openjdk-amd64/lib/libnet.so
7f1075e6b000-7f1075e6c000 rw-p 00016000 08:01 8037559                    /usr/lib/jvm/java-11-openjdk-amd64/lib/libnet.so
7f1075e6c000-7f1075e7c000 r-xp 00000000 08:01 8037560                    /usr/lib/jvm/java-11-openjdk-amd64/lib/libnio.so
7f1075e7c000-7f107607b000 ---p 00010000 08:01 8037560                    /usr/lib/jvm/java-11-openjdk-amd64/lib/libnio.so
7f107607b000-7f107607c000 r--p 0000f000 08:01 8037560                    /usr/lib/jvm/java-11-openjdk-amd64/lib/libnio.so
7f107607c000-7f107607d000 rw-p 00010000 08:01 8037560                    /usr/lib/jvm/java-11-openjdk-amd64/lib/libnio.so
7f107607d000-7f1076081000 ---p 00000000 00:00 0 
7f1076081000-7f107617e000 rw-p 00000000 00:00 0 
7f107617e000-7f107617f000 ---p 00000000 00:00 0 
7f107617f000-7f1076280000 rw-p 00000000 00:00 0 
7f1076280000-7f1076284000 ---p 00000000 00:00 0 
7f1076284000-7f1076381000 rw-p 00000000 00:00 0 
7f1076381000-7f1076385000 ---p 00000000 00:00 0 
7f1076385000-7f1076482000 rw-p 00000000 00:00 0 
7f1076482000-7f1076486000 ---p 00000000 00:00 0 
7f1076486000-7f1076583000 rw-p 00000000 00:00 0 
7f1076583000-7f1076587000 ---p 00000000 00:00 0 
7f1076587000-7f1076684000 rw-p 00000000 00:00 0 
7f1076684000-7f1076688000 ---p 00000000 00:00 0 
7f1076688000-7f1076785000 rw-p 00000000 00:00 0 
7f1076785000-7f1076920000 r--p 00000000 08:01 3652579                    /usr/lib/locale/locale-archive
7f1076920000-7f1076924000 ---p 00000000 00:00 0 
7f1076924000-7f1076a21000 rw-p 00000000 00:00 0 
7f1076a21000-7f1076a25000 ---p 00000000 00:00 0 
7f1076a25000-7f1076b22000 rw-p 00000000 00:00 0 
7f1076b22000-7f1076b23000 ---p 00000000 00:00 0 
7f1076b23000-7f10774a5000 rw-p 00000000 00:00 0 
7f10774a5000-7f10774aa000 rw-p 00000000 00:00 0 
7f10774aa000-7f1077590000 ---p 00000000 00:00 0 
7f1077590000-7f1077599000 rw-p 00000000 00:00 0 
7f1077599000-7f107767b000 ---p 00000000 00:00 0 
7f107767b000-7f10778eb000 rwxp 00000000 00:00 0 
7f10778eb000-7f1077c0a000 ---p 00000000 00:00 0 
7f1077c0a000-7f107802a000 rwxp 00000000 00:00 0 
7f107802a000-7f107f142000 ---p 00000000 00:00 0 
7f107f142000-7f107f3b2000 rwxp 00000000 00:00 0 
7f107f3b2000-7f108667b000 ---p 00000000 00:00 0 
7f1088000000-7f1088021000 rw-p 00000000 00:00 0 
7f1088021000-7f108c000000 ---p 00000000 00:00 0 
7f108ec6d000-7f108ec71000 ---p 00000000 00:00 0 
7f108ec71000-7f108ed6e000 rw-p 00000000 00:00 0 
7f108ed6e000-7f108ed73000 r-xp 00000000 08:01 8037551                    /usr/lib/jvm/java-11-openjdk-amd64/lib/libjimage.so
7f108ed73000-7f108ef72000 ---p 00005000 08:01 8037551                    /usr/lib/jvm/java-11-openjdk-amd64/lib/libjimage.so
7f108ef72000-7f108ef73000 r--p 00004000 08:01 8037551                    /usr/lib/jvm/java-11-openjdk-amd64/lib/libjimage.so
7f108ef73000-7f108ef74000 rw-p 00005000 08:01 8037551                    /usr/lib/jvm/java-11-openjdk-amd64/lib/libjimage.so
7f108ef74000-7f108ef7b000 r-xp 00000000 08:01 8037569                    /usr/lib/jvm/java-11-openjdk-amd64/lib/libzip.so
7f108ef7b000-7f108f17a000 ---p 00007000 08:01 8037569                    /usr/lib/jvm/java-11-openjdk-amd64/lib/libzip.so
7f108f17a000-7f108f17b000 r--p 00006000 08:01 8037569                    /usr/lib/jvm/java-11-openjdk-amd64/lib/libzip.so
7f108f17b000-7f108f17c000 rw-p 00007000 08:01 8037569                    /usr/lib/jvm/java-11-openjdk-amd64/lib/libzip.so
7f108f17c000-7f108f187000 r-xp 00000000 08:01 262134                     /lib/x86_64-linux-gnu/libnss_files-2.27.so
7f108f187000-7f108f386000 ---p 0000b000 08:01 262134                     /lib/x86_64-linux-gnu/libnss_files-2.27.so
7f108f386000-7f108f387000 r--p 0000a000 08:01 262134                     /lib/x86_64-linux-gnu/libnss_files-2.27.so
7f108f387000-7f108f388000 rw-p 0000b000 08:01 262134                     /lib/x86_64-linux-gnu/libnss_files-2.27.so
7f108f388000-7f108f38e000 rw-p 00000000 00:00 0 
7f108f38e000-7f108f3a5000 r-xp 00000000 08:01 262128                     /lib/x86_64-linux-gnu/libnsl-2.27.so
7f108f3a5000-7f108f5a4000 ---p 00017000 08:01 262128                     /lib/x86_64-linux-gnu/libnsl-2.27.so
7f108f5a4000-7f108f5a5000 r--p 00016000 08:01 262128                     /lib/x86_64-linux-gnu/libnsl-2.27.so
7f108f5a5000-7f108f5a6000 rw-p 00017000 08:01 262128                     /lib/x86_64-linux-gnu/libnsl-2.27.so
7f108f5a6000-7f108f5a8000 rw-p 00000000 00:00 0 
7f108f5a8000-7f108f5b3000 r-xp 00000000 08:01 262138                     /lib/x86_64-linux-gnu/libnss_nis-2.27.so
7f108f5b3000-7f108f7b2000 ---p 0000b000 08:01 262138                     /lib/x86_64-linux-gnu/libnss_nis-2.27.so
7f108f7b2000-7f108f7b3000 r--p 0000a000 08:01 262138                     /lib/x86_64-linux-gnu/libnss_nis-2.27.so
7f108f7b3000-7f108f7b4000 rw-p 0000b000 08:01 262138                     /lib/x86_64-linux-gnu/libnss_nis-2.27.so
7f108f7b4000-7f108f7bc000 r-xp 00000000 08:01 262130                     /lib/x86_64-linux-gnu/libnss_compat-2.27.so
7f108f7bc000-7f108f9bc000 ---p 00008000 08:01 262130                     /lib/x86_64-linux-gnu/libnss_compat-2.27.so
7f108f9bc000-7f108f9bd000 r--p 00008000 08:01 262130                     /lib/x86_64-linux-gnu/libnss_compat-2.27.so
7f108f9bd000-7f108f9be000 rw-p 00009000 08:01 262130                     /lib/x86_64-linux-gnu/libnss_compat-2.27.so
7f108f9be000-7f108f9e7000 r-xp 00000000 08:01 8037547                    /usr/lib/jvm/java-11-openjdk-amd64/lib/libjava.so
7f108f9e7000-7f108fbe6000 ---p 00029000 08:01 8037547                    /usr/lib/jvm/java-11-openjdk-amd64/lib/libjava.so
7f108fbe6000-7f108fbe7000 r--p 00028000 08:01 8037547                    /usr/lib/jvm/java-11-openjdk-amd64/lib/libjava.so
7f108fbe7000-7f108fbe9000 rw-p 00029000 08:01 8037547                    /usr/lib/jvm/java-11-openjdk-amd64/lib/libjava.so
7f108fbe9000-7f108fbf6000 r-xp 00000000 08:01 8037568                    /usr/lib/jvm/java-11-openjdk-amd64/lib/libverify.so
7f108fbf6000-7f108fdf5000 ---p 0000d000 08:01 8037568                    /usr/lib/jvm/java-11-openjdk-amd64/lib/libverify.so
7f108fdf5000-7f108fdf7000 r--p 0000c000 08:01 8037568                    /usr/lib/jvm/java-11-openjdk-amd64/lib/libverify.so
7f108fdf7000-7f108fdf8000 rw-p 0000e000 08:01 8037568                    /usr/lib/jvm/java-11-openjdk-amd64/lib/libverify.so
7f108fdf8000-7f108fdff000 r-xp 00000000 08:01 262157                     /lib/x86_64-linux-gnu/librt-2.27.so
7f108fdff000-7f108fffe000 ---p 00007000 08:01 262157                     /lib/x86_64-linux-gnu/librt-2.27.so
7f108fffe000-7f108ffff000 r--p 00006000 08:01 262157                     /lib/x86_64-linux-gnu/librt-2.27.so
7f108ffff000-7f1090000000 rw-p 00007000 08:01 262157                     /lib/x86_64-linux-gnu/librt-2.27.so
7f1090000000-7f10904da000 rw-p 00000000 00:00 0 
7f10904da000-7f1094000000 ---p 00000000 00:00 0 
7f1094021000-7f1094034000 r--s 00000000 08:01 6234857                    /var/cache/fontconfig/d52a8644073d54c13679302ca1180695-le64.cache-7
7f1094034000-7f1094063000 r--s 00000000 08:01 8290364                    /var/cache/fontconfig/cabbd14511b9e8a55e92af97fb3a0461-le64.cache-7
7f1094063000-7f109406c000 r--p 00000000 08:01 6989470                    /usr/share/glib-2.0/schemas/gschemas.compiled
7f109406c000-7f10940c7000 rw-p 00000000 00:00 0 
7f10940c7000-7f10940de000 r-xp 00000000 08:01 262110                     /lib/x86_64-linux-gnu/libgcc_s.so.1
7f10940de000-7f10942dd000 ---p 00017000 08:01 262110                     /lib/x86_64-linux-gnu/libgcc_s.so.1
7f10942dd000-7f10942de000 r--p 00016000 08:01 262110                     /lib/x86_64-linux-gnu/libgcc_s.so.1
7f10942de000-7f10942df000 rw-p 00017000 08:01 262110                     /lib/x86_64-linux-gnu/libgcc_s.so.1
7f10942df000-7f109447c000 r-xp 00000000 08:01 262117                     /lib/x86_64-linux-gnu/libm-2.27.so
7f109447c000-7f109467b000 ---p 0019d000 08:01 262117                     /lib/x86_64-linux-gnu/libm-2.27.so
7f109467b000-7f109467c000 r--p 0019c000 08:01 262117                     /lib/x86_64-linux-gnu/libm-2.27.so
7f109467c000-7f109467d000 rw-p 0019d000 08:01 262117                     /lib/x86_64-linux-gnu/libm-2.27.so
7f109467d000-7f10947f6000 r-xp 00000000 08:01 263768                     /usr/lib/x86_64-linux-gnu/libstdc++.so.6.0.25
7f10947f6000-7f10949f6000 ---p 00179000 08:01 263768                     /usr/lib/x86_64-linux-gnu/libstdc++.so.6.0.25
7f10949f6000-7f1094a00000 r--p 00179000 08:01 263768                     /usr/lib/x86_64-linux-gnu/libstdc++.so.6.0.25
7f1094a00000-7f1094a02000 rw-p 00183000 08:01 263768                     /usr/lib/x86_64-linux-gnu/libstdc++.so.6.0.25
7f1094a02000-7f1094a06000 rw-p 00000000 00:00 0 
7f1094a06000-7f1095ae3000 r-xp 00000000 08:01 8037582                    /usr/lib/jvm/java-11-openjdk-amd64/lib/server/libjvm.so
7f1095ae3000-7f1095ce2000 ---p 010dd000 08:01 8037582                    /usr/lib/jvm/java-11-openjdk-amd64/lib/server/libjvm.so
7f1095ce2000-7f1095d9f000 r--p 010dc000 08:01 8037582                    /usr/lib/jvm/java-11-openjdk-amd64/lib/server/libjvm.so
7f1095d9f000-7f1095dd9000 rw-p 01199000 08:01 8037582                    /usr/lib/jvm/java-11-openjdk-amd64/lib/server/libjvm.so
7f1095dd9000-7f1095e2f000 rw-p 00000000 00:00 0 
7f1095e2f000-7f1095e49000 r-xp 00000000 08:01 262153                     /lib/x86_64-linux-gnu/libpthread-2.27.so
7f1095e49000-7f1096048000 ---p 0001a000 08:01 262153                     /lib/x86_64-linux-gnu/libpthread-2.27.so
7f1096048000-7f1096049000 r--p 00019000 08:01 262153                     /lib/x86_64-linux-gnu/libpthread-2.27.so
7f1096049000-7f109604a000 rw-p 0001a000 08:01 262153                     /lib/x86_64-linux-gnu/libpthread-2.27.so
7f109604a000-7f109604e000 rw-p 00000000 00:00 0 
7f109604e000-7f1096051000 r-xp 00000000 08:01 262100                     /lib/x86_64-linux-gnu/libdl-2.27.so
7f1096051000-7f1096250000 ---p 00003000 08:01 262100                     /lib/x86_64-linux-gnu/libdl-2.27.so
7f1096250000-7f1096251000 r--p 00002000 08:01 262100                     /lib/x86_64-linux-gnu/libdl-2.27.so
7f1096251000-7f1096252000 rw-p 00003000 08:01 262100                     /lib/x86_64-linux-gnu/libdl-2.27.so
7f1096252000-7f109626e000 r-xp 00000000 08:01 262970                     /lib/x86_64-linux-gnu/libz.so.1.2.11
7f109626e000-7f109646d000 ---p 0001c000 08:01 262970                     /lib/x86_64-linux-gnu/libz.so.1.2.11
7f109646d000-7f109646e000 r--p 0001b000 08:01 262970                     /lib/x86_64-linux-gnu/libz.so.1.2.11
7f109646e000-7f109646f000 rw-p 0001c000 08:01 262970                     /lib/x86_64-linux-gnu/libz.so.1.2.11
7f109646f000-7f1096656000 r-xp 00000000 08:01 262090                     /lib/x86_64-linux-gnu/libc-2.27.so
7f1096656000-7f1096856000 ---p 001e7000 08:01 262090                     /lib/x86_64-linux-gnu/libc-2.27.so
7f1096856000-7f109685a000 r--p 001e7000 08:01 262090                     /lib/x86_64-linux-gnu/libc-2.27.so
7f109685a000-7f109685c000 rw-p 001eb000 08:01 262090                     /lib/x86_64-linux-gnu/libc-2.27.so
7f109685c000-7f1096860000 rw-p 00000000 00:00 0 
7f1096860000-7f1096870000 r-xp 00000000 08:01 8037529                    /usr/lib/jvm/java-11-openjdk-amd64/lib/jli/libjli.so
7f1096870000-7f1096a6f000 ---p 00010000 08:01 8037529                    /usr/lib/jvm/java-11-openjdk-amd64/lib/jli/libjli.so
7f1096a6f000-7f1096a70000 r--p 0000f000 08:01 8037529                    /usr/lib/jvm/java-11-openjdk-amd64/lib/jli/libjli.so
7f1096a70000-7f1096a71000 rw-p 00010000 08:01 8037529                    /usr/lib/jvm/java-11-openjdk-amd64/lib/jli/libjli.so
7f1096a71000-7f1096a98000 r-xp 00000000 08:01 262072                     /lib/x86_64-linux-gnu/ld-2.27.so
7f1096a9a000-7f1096a9e000 r--s 00000000 08:01 307463                     /var/cache/fontconfig/d589a48862398ed80a3d6066f4f56f4c-le64.cache-7
7f1096a9e000-7f1096a9f000 r--s 00000000 08:01 4903350                    /home/runner/.cache/dconf/user
7f1096a9f000-7f1096b0c000 rw-p 00000000 00:00 0 
7f1096b0c000-7f1096b34000 ---p 00000000 00:00 0 
7f1096b34000-7f1096b36000 rw-p 00000000 00:00 0 
7f1096b36000-7f1096b49000 ---p 00000000 00:00 0 
7f1096b49000-7f1096b4c000 rw-p 00000000 00:00 0 
7f1096b4c000-7f1096b74000 ---p 00000000 00:00 0 
7f1096b74000-7f1096b75000 rw-p 00000000 00:00 0 
7f1096b75000-7f1096b79000 ---p 00000000 00:00 0 
7f1096b79000-7f1096c80000 rw-p 00000000 00:00 0 
7f1096c80000-7f1096c87000 ---p 00000000 00:00 0 
7f1096c87000-7f1096c8f000 rw-s 00000000 08:01 4903327                    /tmp/hsperfdata_runner/457
7f1096c8f000-7f1096c90000 ---p 00000000 00:00 0 
7f1096c90000-7f1096c91000 r--p 00000000 00:00 0 
7f1096c91000-7f1096c92000 r--p 00000000 08:01 3656076                    /usr/local/lib/repl.so
7f1096c92000-7f1096c93000 r-xp 00001000 08:01 3656076                    /usr/local/lib/repl.so
7f1096c93000-7f1096c94000 r--p 00002000 08:01 3656076                    /usr/local/lib/repl.so
7f1096c94000-7f1096c95000 r--p 00002000 08:01 3656076                    /usr/local/lib/repl.so
7f1096c95000-7f1096c96000 rw-p 00003000 08:01 3656076                    /usr/local/lib/repl.so
7f1096c96000-7f1096c98000 rw-p 00000000 00:00 0 
7f1096c98000-7f1096c99000 r--p 00027000 08:01 262072                     /lib/x86_64-linux-gnu/ld-2.27.so
7f1096c99000-7f1096c9a000 rw-p 00028000 08:01 262072                     /lib/x86_64-linux-gnu/ld-2.27.so
7f1096c9a000-7f1096c9b000 rw-p 00000000 00:00 0 
7ffd2c099000-7ffd2c0ba000 rw-p 00000000 00:00 0                          [stack]
7ffd2c1a1000-7ffd2c1a4000 r--p 00000000 00:00 0                          [vvar]
7ffd2c1a4000-7ffd2c1a6000 r-xp 00000000 00:00 0                          [vdso]
ffffffffff600000-ffffffffff601000 r-xp 00000000 00:00 0                  [vsyscall]


VM Arguments:
java_command: Main
java_class_path (initial): .:/run_dir/junit-4.12.jar:target/dependency/*
Launcher Type: SUN_STANDARD

[Global flags]
     intx CICompilerCount                          = 2                                         {product} {ergonomic}
   size_t InitialHeapSize                          = 8388608                                   {product} {ergonomic}
   size_t MaxHeapSize                              = 134217728                                 {product} {ergonomic}
   size_t MaxNewSize                               = 44695552                                  {product} {ergonomic}
   size_t MinHeapDeltaBytes                        = 196608                                    {product} {ergonomic}
   size_t NewSize                                  = 2752512                                   {product} {ergonomic}
    uintx NonNMethodCodeHeapSize                   = 5825164                                {pd product} {ergonomic}
    uintx NonProfiledCodeHeapSize                  = 122916538                              {pd product} {ergonomic}
   size_t OldSize                                  = 5636096                                   {product} {ergonomic}
    uintx ProfiledCodeHeapSize                     = 122916538                              {pd product} {ergonomic}
    uintx ReservedCodeCacheSize                    = 251658240                              {pd product} {ergonomic}
     bool SegmentedCodeCache                       = true                                      {product} {ergonomic}
     bool UseCompressedClassPointers               = true                                 {lp64_product} {ergonomic}
     bool UseCompressedOops                        = true                                 {lp64_product} {ergonomic}
     bool UseSerialGC                              = true                                      {product} {ergonomic}

Logging:
Log output configuration:
 #0: stdout all=warning uptime,level,tags
 #1: stderr all=off uptime,level,tags

Environment Variables:
PATH=/home/runner/.apt/usr/bin:/opt/virtualenvs/python3/bin:/usr/local/sbin:/usr/local/bin:/usr/sbin:/usr/bin:/sbin:/bin
LD_LIBRARY_PATH=/home/runner/.apt/usr/lib/x86_64-linux-gnu:/home/runner/.apt/usr/lib/i386-linux-gnu:/home/runner/.apt/usr/lib:
LD_PRELOAD=/usr/local/lib/repl.so
DISPLAY=MAGIC

Signal Handlers:
SIGSEGV: [libjvm.so+0xdf8d00], sa_mask[0]=11111111011111111101111111111110, sa_flags=SA_RESTART|SA_SIGINFO
SIGBUS: [libjvm.so+0xdf8d00], sa_mask[0]=11111111011111111101111111111110, sa_flags=SA_RESTART|SA_SIGINFO
SIGFPE: [libjvm.so+0xdf8d00], sa_mask[0]=11111111011111111101111111111110, sa_flags=SA_RESTART|SA_SIGINFO
SIGPIPE: SIG_IGN, sa_mask[0]=00000000000010000000000000000000, sa_flags=SA_RESTART
SIGXFSZ: [libjvm.so+0xbcbc30], sa_mask[0]=11111111011111111101111111111110, sa_flags=SA_RESTART|SA_SIGINFO
SIGILL: [libjvm.so+0xdf8d00], sa_mask[0]=11111111011111111101111111111110, sa_flags=SA_RESTART|SA_SIGINFO
SIGUSR2: [libjvm.so+0xbcbad0], sa_mask[0]=00000000000000000000000000000000, sa_flags=SA_RESTART|SA_SIGINFO
SIGHUP: [libjvm.so+0xbcbe30], sa_mask[0]=11111111011111111101111111111110, sa_flags=SA_RESTART|SA_SIGINFO
SIGINT: [libjvm.so+0xbcbe30], sa_mask[0]=11111111011111111101111111111110, sa_flags=SA_RESTART|SA_SIGINFO
SIGTERM: [libjvm.so+0xbcbe30], sa_mask[0]=11111111011111111101111111111110, sa_flags=SA_RESTART|SA_SIGINFO
SIGQUIT: [libjvm.so+0xbcbe30], sa_mask[0]=11111111011111111101111111111110, sa_flags=SA_RESTART|SA_SIGINFO


---------------  S Y S T E M  ---------------

OS:DISTRIB_ID=Ubuntu
DISTRIB_RELEASE=18.04
DISTRIB_CODENAME=bionic
DISTRIB_DESCRIPTION="Ubuntu 18.04.4 LTS"
uname:Linux 4.15.0-1061-gcp #65-Ubuntu SMP Thu Apr 9 05:37:44 UTC 2020 x86_64
OS uptime: 0 days 0:18 hours
libc:glibc 2.27 NPTL 2.27 
rlimit: STACK 8192k, CORE infinity, NPROC infinity, NOFILE 512, AS infinity, CPU infinity, DATA infinity, FSIZE infinity
load average:3.65 3.55 2.66

/proc/meminfo:
MemTotal:       26746400 kB
MemFree:         4952984 kB
MemAvailable:   20595400 kB
Buffers:         1521500 kB
Cached:         12860392 kB
SwapCached:            0 kB
Active:          5927104 kB
Inactive:       12792260 kB
Active(anon):    3947092 kB
Inactive(anon):    25532 kB
Active(file):    1980012 kB
Inactive(file): 12766728 kB
Unevictable:       32148 kB
Mlocked:           32148 kB
SwapTotal:             0 kB
SwapFree:              0 kB
Dirty:               608 kB
Writeback:             0 kB
AnonPages:       4369684 kB
Mapped:           549308 kB
Shmem:             33540 kB
Slab:            2171360 kB
SReclaimable:    1304576 kB
SUnreclaim:       866784 kB
KernelStack:      350560 kB
PageTables:        63760 kB
NFS_Unstable:          0 kB
Bounce:                0 kB
WritebackTmp:          0 kB
CommitLimit:    13373200 kB
Committed_AS:   49318272 kB
VmallocTotal:   34359738367 kB
VmallocUsed:           0 kB
VmallocChunk:          0 kB
HardwareCorrupted:     0 kB
AnonHugePages:    159744 kB
ShmemHugePages:        0 kB
ShmemPmdMapped:        0 kB
CmaTotal:              0 kB
CmaFree:               0 kB
HugePages_Total:       0
HugePages_Free:        0
HugePages_Rsvd:        0
HugePages_Surp:        0
Hugepagesize:       2048 kB
DirectMap4k:      781500 kB
DirectMap2M:    18092032 kB
DirectMap1G:    10485760 kB


/proc/sys/kernel/threads-max (system-wide limit on the number of threads):
208502


/proc/sys/vm/max_map_count (maximum number of memory map areas a process may have):
65530


/proc/sys/kernel/pid_max (system-wide limit on number of process identifiers):
32768



container (cgroup) information:
container_type: cgroupv1
cpu_cpuset_cpus: 0-3
cpu_memory_nodes: 0
active_processor_count: 1
cpu_quota: 50000
cpu_period: 100000
cpu_shares: 512
memory_limit_in_bytes: 536870912
memory_and_swap_limit_in_bytes: -2
memory_soft_limit_in_bytes: -1
memory_usage_in_bytes: 86175744
memory_max_usage_in_bytes: 536870912

KVM virtualization detected
Steal ticks since vm start: 0
Steal ticks percentage since vm start:  0.000

CPU:total 4 (initial active 1) (2 cores per cpu, 2 threads per core) family 6 model 63 stepping 0, cmov, cx8, fxsr, mmx, sse, sse2, sse3, ssse3, sse4.1, sse4.2, popcnt, avx, avx2, aes, clmul, erms, lzcnt, ht, tsc, tscinvbit, bmi1, bmi2, fma
CPU Model and flags from /proc/cpuinfo:
model name	: Intel(R) Xeon(R) CPU @ 2.30GHz
flags		: fpu vme de pse tsc msr pae mce cx8 apic sep mtrr pge mca cmov pat pse36 clflush mmx fxsr sse sse2 ss ht syscall nx pdpe1gb rdtscp lm constant_tsc rep_good nopl xtopology nonstop_tsc cpuid tsc_known_freq pni pclmulqdq ssse3 fma cx16 pcid sse4_1 sse4_2 x2apic movbe popcnt aes xsave avx f16c rdrand hypervisor lahf_lm abm invpcid_single pti ssbd ibrs ibpb stibp fsgsbase tsc_adjust bmi1 avx2 smep bmi2 erms invpcid xsaveopt arat md_clear arch_capabilities

Memory: 4k page, physical 524288k(440132k free), swap 0k(0k free)

vm_info: OpenJDK 64-Bit Server VM (11.0.7+10-post-Ubuntu-2ubuntu218.04) for linux-amd64 JRE (11.0.7+10-post-Ubuntu-2ubuntu218.04), built on Apr 15 2020 21:12:54 by "unknown" with gcc 7.5.0

END.
