#
# A fatal error has been detected by the Java Runtime Environment:
#
#  SIGSEGV (0xb) at pc=0x00007fb11a806401, pid=101, tid=170
#
# JRE version: OpenJDK Runtime Environment (11.0.7+10) (build 11.0.7+10-post-Ubuntu-2ubuntu218.04)
# Java VM: OpenJDK 64-Bit Server VM (11.0.7+10-post-Ubuntu-2ubuntu218.04, mixed mode, sharing, tiered, compressed oops, serial gc, linux-amd64)
# Problematic frame:
# C  [libjimage.so+0x2401]
#
# Core dump will be written. Default location: Core dumps may be processed with "/usr/share/apport/apport %p %s %c %d %P %E" (or dumping to /home/runner/Java-Final/core.101)
#
# If you would like to submit a bug report, please visit:
#   https://bugs.launchpad.net/ubuntu/+source/openjdk-lts
#

---------------  S U M M A R Y ------------

Command Line: Main

Host: Intel(R) Xeon(R) CPU @ 2.30GHz, 4 cores, 953M, Ubuntu 18.04.4 LTS
Time: Tue May  5 15:34:45 2020 UTC elapsed time: 138 seconds (0d 0h 2m 18s)

---------------  T H R E A D  ---------------

Current thread (0x00007fb0b4005800):  JavaThread "XToolkt-Shutdown-Thread" [_thread_in_vm, id=170, stack(0x00007fb113eff000,0x00007fb114000000)]

Stack: [0x00007fb113eff000,0x00007fb114000000],  sp=0x00007fb113ffd060,  free space=1016k
Native frames: (J=compiled Java code, A=aot compiled Java code, j=interpreted, Vv=VM code, C=native code)
C  [libjimage.so+0x2401]
C  [libjimage.so+0x30ea]
C  [libjimage.so+0x35c6]  JIMAGE_FindResource+0xd6
V  [libjvm.so+0x59105e]
V  [libjvm.so+0x593dc0]
V  [libjvm.so+0xd503b5]
V  [libjvm.so+0xd4dd4a]
V  [libjvm.so+0xd50942]
V  [libjvm.so+0x646dd7]
V  [libjvm.so+0xa3bb7a]
V  [libjvm.so+0x843946]
V  [libjvm.so+0x84483d]
j  sun.awt.X11.XToolkit.lambda$init$0()V+0 java.desktop@11.0.7
j  sun.awt.X11.XToolkit$$Lambda$56.run()V+4 java.desktop@11.0.7
j  java.lang.Thread.run()V+11 java.base@11.0.7
v  ~StubRoutines::call_stub
V  [libjvm.so+0x84e319]
V  [libjvm.so+0x84c45d]
V  [libjvm.so+0x8f62ec]
V  [libjvm.so+0xd8918f]
V  [libjvm.so+0xd85acf]
V  [libjvm.so+0xbd59de]

Java frames: (J=compiled Java code, j=interpreted, Vv=VM code)
j  sun.awt.X11.XToolkit.lambda$init$0()V+0 java.desktop@11.0.7
j  sun.awt.X11.XToolkit$$Lambda$56.run()V+4 java.desktop@11.0.7